#
# There is insufficient memory for the Java Runtime Environment to continue.
# Native memory allocation (malloc) failed to allocate 1417616 bytes for Chunk::new
# Possible reasons:
#   The system is out of physical RAM or swap space
#   In 32 bit mode, the process size limit was hit
# Possible solutions:
#   Reduce memory load on the system
#   Increase physical memory or swap space
#   Check if swap backing store is full
#   Use 64 bit Java on a 64 bit OS
#   Decrease Java heap size (-Xmx/-Xms)
#   Decrease number of Java threads
#   Decrease Java thread stack sizes (-Xss)
#   Set larger code cache with -XX:ReservedCodeCacheSize=
# This output file may be truncated or incomplete.
#
#  Out of Memory Error (allocation.cpp:390), pid=6360, tid=0x0000000000001b10
#
# JRE version: OpenJDK Runtime Environment (8.0_152-b01) (build 1.8.0_152-release-915-b01)
# Java VM: OpenJDK 64-Bit Server VM (25.152-b01 mixed mode windows-amd64 compressed oops)
# Failed to write core dump. Minidumps are not enabled by default on client versions of Windows
#

---------------  T H R E A D  ---------------

Current thread (0x000000001c089800):  JavaThread "C2 CompilerThread1" daemon [_thread_in_native, id=6928, stack(0x000000001dc90000,0x000000001dd90000)]

Stack: [0x000000001dc90000,0x000000001dd90000]
[error occurred during error reporting (printing stack bounds), id 0xc0000005]

Native frames: (J=compiled Java code, j=interpreted, Vv=VM code, C=native code)


Current CompileTask:
C2:  39118 2372   !   4       com.android.dx.cf.code.BytecodeArray::parseInstruction (2764 bytes)


---------------  P R O C E S S  ---------------

Java Threads: ( => current thread )
  0x000000001e1ed000 JavaThread "pool-2-thread-4" [_thread_blocked, id=6840, stack(0x000000001ec00000,0x000000001ed00000)]
  0x000000001e1d8000 JavaThread "pool-2-thread-3" [_thread_blocked, id=5788, stack(0x000000001e9d0000,0x000000001ead0000)]
  0x000000001e153800 JavaThread "pool-2-thread-2" [_thread_blocked, id=3920, stack(0x000000001d8e0000,0x000000001d9e0000)]
  0x000000001e148000 JavaThread "pool-3-thread-1" [_thread_blocked, id=6776, stack(0x000000001e880000,0x000000001e980000)]
  0x000000001e165000 JavaThread "pool-2-thread-1" [_thread_blocked, id=6384, stack(0x000000001e720000,0x000000001e820000)]
  0x000000001c08f800 JavaThread "Service Thread" daemon [_thread_blocked, id=6316, stack(0x000000001e3f0000,0x000000001e4f0000)]
  0x000000001c08b800 JavaThread "C1 CompilerThread2" daemon [_thread_blocked, id=6948, stack(0x000000001de20000,0x000000001df20000)]
=>0x000000001c089800 JavaThread "C2 CompilerThread1" daemon [_thread_in_native, id=6928, stack(0x000000001dc90000,0x000000001dd90000)]
  0x000000001c085000 JavaThread "C2 CompilerThread0" daemon [_thread_blocked, id=1208, stack(0x000000001da40000,0x000000001db40000)]
  0x000000001c082000 JavaThread "Attach Listener" daemon [_thread_blocked, id=564, stack(0x000000001d7d0000,0x000000001d8d0000)]
  0x000000001c080800 JavaThread "Signal Dispatcher" daemon [_thread_blocked, id=7104, stack(0x000000001d620000,0x000000001d720000)]
  0x000000001c068000 JavaThread "Finalizer" daemon [_thread_blocked, id=6728, stack(0x000000001d4d0000,0x000000001d5d0000)]
  0x000000001c021000 JavaThread "Reference Handler" daemon [_thread_blocked, id=6348, stack(0x000000001d310000,0x000000001d410000)]
  0x00000000020fe800 JavaThread "main" [_thread_in_native, id=1368, stack(0x0000000002440000,0x0000000002540000)]

Other Threads:
  0x000000001c019800 VMThread [stack: 0x000000001d120000,0x000000001d220000] [id=1116]
  0x000000001df8a000 WatcherThread [stack: 0x000000001e600000,0x000000001e700000] [id=3448]

VM state:not at safepoint (normal execution)

VM Mutex/Monitor currently owned by a thread: None

Heap:
 PSYoungGen      total 325632K, used 55831K [0x000000076ab00000, 0x0000000785b00000, 0x00000007c0000000)
  eden space 280064K, 3% used [0x000000076ab00000,0x000000076b54dd98,0x000000077bc80000)
  from space 45568K, 99% used [0x0000000782e80000,0x0000000785ab7f20,0x0000000785b00000)
  to   space 57856K, 0% used [0x000000077ea00000,0x000000077ea00000,0x0000000782280000)
 ParOldGen       total 171520K, used 107594K [0x00000006c0000000, 0x00000006ca780000, 0x000000076ab00000)
  object space 171520K, 62% used [0x00000006c0000000,0x00000006c69128b0,0x00000006ca780000)
 Metaspace       used 6275K, capacity 7216K, committed 7296K, reserved 1056768K
  class space    used 578K, capacity 616K, committed 640K, reserved 1048576K

Card table byte_map: [0x0000000011bd0000,0x00000000123e0000] byte_map_base: 0x000000000e5d0000

Marking Bits: (ParMarkBitMap*) 0x000000006d413950
 Begin Bits: [0x0000000012e90000, 0x0000000016e90000)
 End Bits:   [0x0000000016e90000, 0x000000001ae90000)

Polling page: 0x00000000020a0000

CodeCache: size=245760Kb used=10054Kb max_used=10118Kb free=235705Kb
 bounds [0x0000000002810000, 0x0000000003260000, 0x0000000011810000]
 total_blobs=2166 nmethods=1904 adapters=175
 compilation: enabled

Compilation events (10 events):
Event: 38.786 Thread 0x000000001c08b800 2390   !   3       com.android.dx.command.dexer.Main$ClassDefItemConsumer::call (177 bytes)
Event: 38.787 Thread 0x000000001c08b800 nmethod 2390 0x0000000003068390 code [0x0000000003068660, 0x0000000003069e38]
Event: 38.787 Thread 0x000000001c08b800 2391       3       java.util.concurrent.ArrayBlockingQueue::dequeue (75 bytes)
Event: 38.787 Thread 0x000000001c08b800 nmethod 2391 0x0000000002d860d0 code [0x0000000002d862a0, 0x0000000002d86998]
Event: 38.788 Thread 0x000000001c08b800 2393   !   3       java.util.concurrent.LinkedBlockingQueue::take (93 bytes)
Event: 38.789 Thread 0x000000001c08b800 nmethod 2393 0x0000000002e58910 code [0x0000000002e58c00, 0x0000000002e5a2d8]
Event: 38.789 Thread 0x000000001c08b800 2392   !   3       com.android.dx.dex.file.ClassDefsSection::add (75 bytes)
Event: 38.790 Thread 0x000000001c08b800 nmethod 2392 0x0000000002d66bd0 code [0x0000000002d66e40, 0x0000000002d67e38]
Event: 38.834 Thread 0x000000001c08b800 2394       3       java.util.concurrent.ArrayBlockingQueue::enqueue (53 bytes)
Event: 38.834 Thread 0x000000001c08b800 nmethod 2394 0x0000000002e57ed0 code [0x0000000002e58080, 0x0000000002e58648]

GC Heap History (10 events):
Event: 22.384 GC heap before
{Heap before GC invocations=7 (full 0):
 PSYoungGen      total 114176K, used 114164K [0x000000076ab00000, 0x000000077e000000, 0x00000007c0000000)
  eden space 109056K, 100% used [0x000000076ab00000,0x0000000771580000,0x0000000771580000)
  from space 5120K, 99% used [0x0000000773000000,0x00000007734fd2a0,0x0000000773500000)
  to   space 27136K, 0% used [0x0000000771580000,0x0000000771580000,0x0000000773000000)
 ParOldGen       total 86016K, used 59545K [0x00000006c0000000, 0x00000006c5400000, 0x000000076ab00000)
  object space 86016K, 69% used [0x00000006c0000000,0x00000006c3a264b8,0x00000006c5400000)
 Metaspace       used 6217K, capacity 7152K, committed 7296K, reserved 1056768K
  class space    used 578K, capacity 616K, committed 640K, reserved 1048576K
Event: 22.429 GC heap after
Heap after GC invocations=7 (full 0):
 PSYoungGen      total 136192K, used 27121K [0x000000076ab00000, 0x000000077c000000, 0x00000007c0000000)
  eden space 109056K, 0% used [0x000000076ab00000,0x000000076ab00000,0x0000000771580000)
  from space 27136K, 99% used [0x0000000771580000,0x0000000772ffc738,0x0000000773000000)
  to   space 32768K, 0% used [0x000000077a000000,0x000000077a000000,0x000000077c000000)
 ParOldGen       total 86016K, used 61040K [0x00000006c0000000, 0x00000006c5400000, 0x000000076ab00000)
  object space 86016K, 70% used [0x00000006c0000000,0x00000006c3b9c168,0x00000006c5400000)
 Metaspace       used 6217K, capacity 7152K, committed 7296K, reserved 1056768K
  class space    used 578K, capacity 616K, committed 640K, reserved 1048576K
}
Event: 25.386 GC heap before
{Heap before GC invocations=8 (full 0):
 PSYoungGen      total 136192K, used 136177K [0x000000076ab00000, 0x000000077c000000, 0x00000007c0000000)
  eden space 109056K, 100% used [0x000000076ab00000,0x0000000771580000,0x0000000771580000)
  from space 27136K, 99% used [0x0000000771580000,0x0000000772ffc738,0x0000000773000000)
  to   space 32768K, 0% used [0x000000077a000000,0x000000077a000000,0x000000077c000000)
 ParOldGen       total 86016K, used 61040K [0x00000006c0000000, 0x00000006c5400000, 0x000000076ab00000)
  object space 86016K, 70% used [0x00000006c0000000,0x00000006c3b9c168,0x00000006c5400000)
 Metaspace       used 6251K, capacity 7216K, committed 7296K, reserved 1056768K
  class space    used 578K, capacity 616K, committed 640K, reserved 1048576K
Event: 25.549 GC heap after
Heap after GC invocations=8 (full 0):
 PSYoungGen      total 247808K, used 29243K [0x000000076ab00000, 0x000000077c600000, 0x00000007c0000000)
  eden space 215040K, 0% used [0x000000076ab00000,0x000000076ab00000,0x0000000777d00000)
  from space 32768K, 89% used [0x000000077a000000,0x000000077bc8ef10,0x000000077c000000)
  to   space 35840K, 0% used [0x0000000777d00000,0x0000000777d00000,0x000000077a000000)
 ParOldGen       total 86016K, used 62484K [0x00000006c0000000, 0x00000006c5400000, 0x000000076ab00000)
  object space 86016K, 72% used [0x00000006c0000000,0x00000006c3d05350,0x00000006c5400000)
 Metaspace       used 6251K, capacity 7216K, committed 7296K, reserved 1056768K
  class space    used 578K, capacity 616K, committed 640K, reserved 1048576K
}
Event: 31.383 GC heap before
{Heap before GC invocations=9 (full 0):
 PSYoungGen      total 247808K, used 244283K [0x000000076ab00000, 0x000000077c600000, 0x00000007c0000000)
  eden space 215040K, 100% used [0x000000076ab00000,0x0000000777d00000,0x0000000777d00000)
  from space 32768K, 89% used [0x000000077a000000,0x000000077bc8ef10,0x000000077c000000)
  to   space 35840K, 0% used [0x0000000777d00000,0x0000000777d00000,0x000000077a000000)
 ParOldGen       total 86016K, used 62484K [0x00000006c0000000, 0x00000006c5400000, 0x000000076ab00000)
  object space 86016K, 72% used [0x00000006c0000000,0x00000006c3d05350,0x00000006c5400000)
 Metaspace       used 6259K, capacity 7216K, committed 7296K, reserved 1056768K
  class space    used 578K, capacity 616K, committed 640K, reserved 1048576K
Event: 31.450 GC heap after
Heap after GC invocations=9 (full 0):
 PSYoungGen      total 250880K, used 35818K [0x000000076ab00000, 0x0000000786200000, 0x00000007c0000000)
  eden space 215040K, 0% used [0x000000076ab00000,0x000000076ab00000,0x0000000777d00000)
  from space 35840K, 99% used [0x0000000777d00000,0x0000000779ffabb0,0x000000077a000000)
  to   space 52736K, 0% used [0x0000000782e80000,0x0000000782e80000,0x0000000786200000)
 ParOldGen       total 91136K, used 90874K [0x00000006c0000000, 0x00000006c5900000, 0x000000076ab00000)
  object space 91136K, 99% used [0x00000006c0000000,0x00000006c58bea90,0x00000006c5900000)
 Metaspace       used 6259K, capacity 7216K, committed 7296K, reserved 1056768K
  class space    used 578K, capacity 616K, committed 640K, reserved 1048576K
}
Event: 31.450 GC heap before
{Heap before GC invocations=10 (full 1):
 PSYoungGen      total 250880K, used 35818K [0x000000076ab00000, 0x0000000786200000, 0x00000007c0000000)
  eden space 215040K, 0% used [0x000000076ab00000,0x000000076ab00000,0x0000000777d00000)
  from space 35840K, 99% used [0x0000000777d00000,0x0000000779ffabb0,0x000000077a000000)
  to   space 52736K, 0% used [0x0000000782e80000,0x0000000782e80000,0x0000000786200000)
 ParOldGen       total 91136K, used 90874K [0x00000006c0000000, 0x00000006c5900000, 0x000000076ab00000)
  object space 91136K, 99% used [0x00000006c0000000,0x00000006c58bea90,0x00000006c5900000)
 Metaspace       used 6259K, capacity 7216K, committed 7296K, reserved 1056768K
  class space    used 578K, capacity 616K, committed 640K, reserved 1048576K
Event: 32.856 GC heap after
Heap after GC invocations=10 (full 1):
 PSYoungGen      total 250880K, used 32620K [0x000000076ab00000, 0x0000000786200000, 0x00000007c0000000)
  eden space 215040K, 0% used [0x000000076ab00000,0x000000076ab00000,0x0000000777d00000)
  from space 35840K, 91% used [0x0000000777d00000,0x0000000779cdb290,0x000000077a000000)
  to   space 52736K, 0% used [0x0000000782e80000,0x0000000782e80000,0x0000000786200000)
 ParOldGen       total 171520K, used 90691K [0x00000006c0000000, 0x00000006ca780000, 0x000000076ab00000)
  object space 171520K, 52% used [0x00000006c0000000,0x00000006c5890e20,0x00000006ca780000)
 Metaspace       used 6259K, capacity 7216K, committed 7296K, reserved 1056768K
  class space    used 578K, capacity 616K, committed 640K, reserved 1048576K
}
Event: 38.079 GC heap before
{Heap before GC invocations=11 (full 1):
 PSYoungGen      total 250880K, used 247660K [0x000000076ab00000, 0x0000000786200000, 0x00000007c0000000)
  eden space 215040K, 100% used [0x000000076ab00000,0x0000000777d00000,0x0000000777d00000)
  from space 35840K, 91% used [0x0000000777d00000,0x0000000779cdb290,0x000000077a000000)
  to   space 52736K, 0% used [0x0000000782e80000,0x0000000782e80000,0x0000000786200000)
 ParOldGen       total 171520K, used 90691K [0x00000006c0000000, 0x00000006ca780000, 0x000000076ab00000)
  object space 171520K, 52% used [0x00000006c0000000,0x00000006c5890e20,0x00000006ca780000)
 Metaspace       used 6264K, capacity 7216K, committed 7296K, reserved 1056768K
  class space    used 578K, capacity 616K, committed 640K, reserved 1048576K
Event: 38.614 GC heap after
Heap after GC invocations=11 (full 1):
 PSYoungGen      total 325632K, used 45279K [0x000000076ab00000, 0x0000000785b00000, 0x00000007c0000000)
  eden space 280064K, 0% used [0x000000076ab00000,0x000000076ab00000,0x000000077bc80000)
  from space 45568K, 99% used [0x0000000782e80000,0x0000000785ab7f20,0x0000000785b00000)
  to   space 57856K, 0% used [0x000000077ea00000,0x000000077ea00000,0x0000000782280000)
 ParOldGen       total 171520K, used 107594K [0x00000006c0000000, 0x00000006ca780000, 0x000000076ab00000)
  object space 171520K, 62% used [0x00000006c0000000,0x00000006c69128b0,0x00000006ca780000)
 Metaspace       used 6264K, capacity 7216K, committed 7296K, reserved 1056768K
  class space    used 578K, capacity 616K, committed 640K, reserved 1048576K
}

Deoptimization events (10 events):
Event: 21.215 Thread 0x000000001e153800 Uncommon trap: reason=unstable_if action=reinterpret pc=0x0000000002b827d8 method=com.android.dx.rop.code.RegisterSpecSet.put(Lcom/android/dx/rop/code/RegisterSpec;)V @ 77
Event: 21.215 Thread 0x000000001e153800 Uncommon trap: reason=unstable_if action=reinterpret pc=0x0000000002ff79e8 method=com.android.dx.rop.code.RegisterSpecSet.put(Lcom/android/dx/rop/code/RegisterSpec;)V @ 77
Event: 21.215 Thread 0x000000001e153800 Uncommon trap: reason=unstable_if action=reinterpret pc=0x000000000307dc3c method=com.android.dx.rop.code.RegisterSpecSet.put(Lcom/android/dx/rop/code/RegisterSpec;)V @ 77
Event: 21.215 Thread 0x000000001e153800 Uncommon trap: reason=unstable_if action=reinterpret pc=0x0000000002d8bcf0 method=com.android.dx.rop.code.RegisterSpecSet.put(Lcom/android/dx/rop/code/RegisterSpec;)V @ 77
Event: 28.270 Thread 0x000000001e1ed000 Uncommon trap: reason=class_check action=maybe_recompile pc=0x00000000030997f0 method=com.android.dx.cf.code.Ropper.processBlock(Lcom/android/dx/cf/code/ByteBlock;Lcom/android/dx/cf/code/Frame;[I)V @ 777
Event: 28.270 Thread 0x000000001e1ed000 Uncommon trap: reason=class_check action=maybe_recompile pc=0x00000000030997f0 method=com.android.dx.cf.code.Ropper.processBlock(Lcom/android/dx/cf/code/ByteBlock;Lcom/android/dx/cf/code/Frame;[I)V @ 777
Event: 35.939 Thread 0x000000001e1d8000 Uncommon trap: reason=unstable_if action=reinterpret pc=0x00000000031feee8 method=com.android.dx.cf.code.Merger.mergeType(Lcom/android/dx/rop/type/TypeBearer;Lcom/android/dx/rop/type/TypeBearer;)Lcom/android/dx/rop/type/TypeBearer; @ 52
Event: 36.397 Thread 0x000000001e1ed000 Uncommon trap: reason=null_check action=make_not_entrant pc=0x00000000031ca208 method=com.android.dx.cf.direct.DirectClassFile.getSourceFile()Lcom/android/dx/rop/cst/CstString; @ 15
Event: 38.078 Thread 0x000000001e153800 Uncommon trap: reason=bimorphic action=maybe_recompile pc=0x0000000003166a18 method=com.android.dx.cf.code.BytecodeArray.parseInstruction(ILcom/android/dx/cf/code/BytecodeArray$Visitor;)I @ 1224
Event: 38.078 Thread 0x000000001e153800 Uncommon trap: reason=bimorphic action=maybe_recompile pc=0x0000000003166a18 method=com.android.dx.cf.code.BytecodeArray.parseInstruction(ILcom/android/dx/cf/code/BytecodeArray$Visitor;)I @ 1224

Classes redefined (0 events):
No events

Internal exceptions (5 events):
Event: 0.062 Thread 0x00000000020fe800 Exception <a 'java/lang/NoSuchMethodError': Method sun.misc.Unsafe.defineClass(Ljava/lang/String;[BII)Ljava/lang/Class; name or signature does not match> (0x000000076ab07ca8) thrown at [D:\src\AOSP-openjdk-cygwin\jdk8u\hotspot\src\share\vm\prims\jni.cpp, 
Event: 0.062 Thread 0x00000000020fe800 Exception <a 'java/lang/NoSuchMethodError': Method sun.misc.Unsafe.prefetchRead(Ljava/lang/Object;J)V name or signature does not match> (0x000000076ab07f90) thrown at [D:\src\AOSP-openjdk-cygwin\jdk8u\hotspot\src\share\vm\prims\jni.cpp, line 4011]
Event: 2.542 Thread 0x000000001e153800 Implicit null exception at 0x0000000002b89fbf to 0x0000000002b8c4e5
Event: 2.542 Thread 0x000000001e153800 Implicit null exception at 0x0000000002bf3b10 to 0x0000000002bf5101
Event: 3.325 Thread 0x000000001e153800 Implicit null exception at 0x0000000002b4a8a2 to 0x0000000002b4a9b1

Events (10 events):
Event: 38.777 Thread 0x000000001c08b800 flushing nmethod 0x0000000002c55ed0
Event: 38.781 Thread 0x000000001c08b800 flushing nmethod 0x0000000002c87310
Event: 38.782 Thread 0x000000001c08b800 flushing nmethod 0x0000000002d66bd0
Event: 38.782 Thread 0x000000001c08b800 flushing nmethod 0x0000000002d85810
Event: 38.782 Thread 0x000000001c08b800 flushing nmethod 0x0000000002d85dd0
Event: 38.782 Thread 0x000000001c08b800 flushing nmethod 0x0000000002e0ee90
Event: 38.783 Thread 0x000000001c08b800 flushing nmethod 0x0000000002f09a90
Event: 38.784 Thread 0x000000001c08b800 flushing nmethod 0x0000000002fec850
Event: 38.784 Thread 0x000000001c08b800 flushing nmethod 0x0000000003067ad0
Event: 38.784 Thread 0x000000001c08b800 flushing nmethod 0x00000000030a8250


Dynamic libraries:
0x000000013fd10000 - 0x000000013fd41000 	C:\Program Files\Android\Android Studio\jre\bin\java.exe
0x00000000774c0000 - 0x0000000077669000 	C:\Windows\SYSTEM32\ntdll.dll
0x00000000772a0000 - 0x00000000773bf000 	C:\Windows\system32\kernel32.dll
0x000007fefd580000 - 0x000007fefd5eb000 	C:\Windows\system32\KERNELBASE.dll
0x000007fefdd60000 - 0x000007fefde3b000 	C:\Windows\system32\ADVAPI32.dll
0x000007fefd7e0000 - 0x000007fefd87f000 	C:\Windows\system32\msvcrt.dll
0x000007fefdef0000 - 0x000007fefdf0f000 	C:\Windows\SYSTEM32\sechost.dll
0x000007fefda60000 - 0x000007fefdb8d000 	C:\Windows\system32\RPCRT4.dll
0x00000000773c0000 - 0x00000000774ba000 	C:\Windows\system32\USER32.dll
0x000007fefde80000 - 0x000007fefdee7000 	C:\Windows\system32\GDI32.dll
0x000007fefe1e0000 - 0x000007fefe1ee000 	C:\Windows\system32\LPK.dll
0x000007fefe110000 - 0x000007fefe1d9000 	C:\Windows\system32\USP10.dll
0x000007fefbd90000 - 0x000007fefbf84000 	C:\Windows\WinSxS\amd64_microsoft.windows.common-controls_6595b64144ccf1df_6.0.7601.17514_none_fa396087175ac9ac\COMCTL32.dll
0x000007feff750000 - 0x000007feff7c1000 	C:\Windows\system32\SHLWAPI.dll
0x000007fefde50000 - 0x000007fefde7e000 	C:\Windows\system32\IMM32.DLL
0x000007feff640000 - 0x000007feff749000 	C:\Windows\system32\MSCTF.dll
0x000000006fdc0000 - 0x000000006fe92000 	C:\Program Files\Android\Android Studio\jre\jre\bin\msvcr100.dll
0x000000006cc50000 - 0x000000006d48e000 	C:\Program Files\Android\Android Studio\jre\jre\bin\server\jvm.dll
0x000007fefbd80000 - 0x000007fefbd89000 	C:\Windows\system32\WSOCK32.dll
0x000007fefdd10000 - 0x000007fefdd5d000 	C:\Windows\system32\WS2_32.dll
0x000007fefde40000 - 0x000007fefde48000 	C:\Windows\system32\NSI.dll
0x000007fefaa10000 - 0x000007fefaa4b000 	C:\Windows\system32\WINMM.dll
0x000007fefc380000 - 0x000007fefc38c000 	C:\Windows\system32\VERSION.dll
0x0000000077690000 - 0x0000000077697000 	C:\Windows\system32\PSAPI.DLL
0x000007fefbd70000 - 0x000007fefbd7f000 	C:\Program Files\Android\Android Studio\jre\jre\bin\verify.dll
0x000007fef0bc0000 - 0x000007fef0be9000 	C:\Program Files\Android\Android Studio\jre\jre\bin\java.dll
0x000007fef76c0000 - 0x000007fef76d6000 	C:\Program Files\Android\Android Studio\jre\jre\bin\zip.dll
0x000007fefe8b0000 - 0x000007feff638000 	C:\Windows\system32\SHELL32.dll
0x000007fefe440000 - 0x000007fefe643000 	C:\Windows\system32\ole32.dll
0x000007fefd410000 - 0x000007fefd41f000 	C:\Windows\system32\profapi.dll

VM Arguments:
jvm_args: -Djava.awt.headless=true -Xmx4g -Dfile.encoding=windows-1252 -Duser.country=US -Duser.language=en -Duser.variant 
java_command: com.android.dx.command.Main --dex --force-jumbo --num-threads=4 --multi-dex --output D:\MyPC\androidworkplace\Vhortext\app\build\intermediates\transforms\dex\debug\folders\1000\5\slice_1 D:\MyPC\androidworkplace\Vhortext\app\build\intermediates\transforms\instantRunSlicer\debug\folders\1\5\slice_1
java_class_path (initial): C:\Users\db\AppData\Local\Android\Sdk\build-tools\25.0.2\lib\dx.jar
Launcher Type: SUN_STANDARD

Environment Variables:
PATH=C:\ProgramData\Oracle\Java\javapath;C:\Program Files (x86)\Common Files\Intel\Shared Files\cpp\bin\Intel64;c:\OraHome_1\bin;c:\OraHome_1\jre\1.4.2\bin\client;c:\OraHome_1\jre\1.4.2\bin;c:\DevSuiteHome_1\jdk\jre\bin\classic;c:\DevSuiteHome_1\jdk\jre\bin;c:\DevSuiteHome_1\jdk\jre\bin\client;c:\DevSuiteHome_1\jlib;c:\DevSuiteHome_1\bin;c:\DevSuiteHome_1\jre\1.4.2\bin\client;c:\DevSuiteHome_1\jre\1.4.2\bin;C:\Windows\system32;C:\Windows;C:\Windows\System32\Wbem;C:\Windows\System32\WindowsPowerShell\v1.0\;C:\Program Files\Java\jdk1.8.0_101\bin;C:\Program Files (x86)\Skype\Phone\;C:\Program Files\nodejs\;C:\Users\db\AppData\Roaming\npm;C:\Users\db\AppData\Local\Programs\Git\cmd
USERNAME=db
OS=Windows_NT
PROCESSOR_IDENTIFIER=Intel64 Family 6 Model 60 Stepping 3, GenuineIntel



---------------  S Y S T E M  ---------------

OS: Windows 7 , 64 bit Build 7601 (6.1.7601.17514)

CPU:total 4 (initial active 4) (2 cores per cpu, 2 threads per core) family 6 model 60 stepping 3, cmov, cx8, fxsr, mmx, sse, sse2, sse3, ssse3, sse4.1, sse4.2, popcnt, avx, avx2, aes, clmul, erms, lzcnt, ht, tsc, tscinvbit, bmi1, bmi2

Memory: 4k page, physical 8256556k(1319832k free), swap 9893108k(6432k free)

vm_info: OpenJDK 64-Bit Server VM (25.152-b01) for windows-amd64 JRE (1.8.0_152-release-915-b01), built by "builder" with MS VC++ 10.0 (VS2010)

time: Thu Mar 15 18:27:48 2018
elapsed time: 39 seconds (0d 0h 0m 39s)

