#
# There is insufficient memory for the Java Runtime Environment to continue.
# Native memory allocation (malloc) failed to allocate 291216 bytes for Chunk::new
# Possible reasons:
#   The system is out of physical RAM or swap space
#   In 32 bit mode, the process size limit was hit
# Possible solutions:
#   Reduce memory load on the system
#   Increase physical memory or swap space
#   Check if swap backing store is full
#   Use 64 bit Java on a 64 bit OS
#   Decrease Java heap size (-Xmx/-Xms)
#   Decrease number of Java threads
#   Decrease Java thread stack sizes (-Xss)
#   Set larger code cache with -XX:ReservedCodeCacheSize=
# This output file may be truncated or incomplete.
#
#  Out of Memory Error (allocation.cpp:390), pid=5908, tid=0x00000000000018c4
#
# JRE version: OpenJDK Runtime Environment (8.0_152-b01) (build 1.8.0_152-release-915-b01)
# Java VM: OpenJDK 64-Bit Server VM (25.152-b01 mixed mode windows-amd64 compressed oops)
# Failed to write core dump. Minidumps are not enabled by default on client versions of Windows
#

---------------  T H R E A D  ---------------

Current thread (0x000000001c0c7800):  JavaThread "C2 CompilerThread0" daemon [_thread_in_native, id=6340, stack(0x000000001d9c0000,0x000000001dac0000)]

Stack: [0x000000001d9c0000,0x000000001dac0000]
[error occurred during error reporting (printing stack bounds), id 0xc0000005]

Native frames: (J=compiled Java code, j=interpreted, Vv=VM code, C=native code)


Current CompileTask:
C2:   1391  525       4       com.android.dx.ssa.NormalSsaInsn::accept (25 bytes)


---------------  P R O C E S S  ---------------

Java Threads: ( => current thread )
  0x000000001df6b000 JavaThread "pool-2-thread-3" [_thread_in_Java, id=6636, stack(0x000000001e780000,0x000000001e880000)]
  0x000000001df6a800 JavaThread "pool-2-thread-2" [_thread_blocked, id=6928, stack(0x000000001e5a0000,0x000000001e6a0000)]
  0x000000001ddf1800 JavaThread "pool-3-thread-1" [_thread_blocked, id=6432, stack(0x000000001e470000,0x000000001e570000)]
  0x000000001ddf0800 JavaThread "pool-2-thread-1" [_thread_blocked, id=6244, stack(0x000000001e240000,0x000000001e340000)]
  0x000000001dcea800 JavaThread "Service Thread" daemon [_thread_blocked, id=5436, stack(0x000000001e0d0000,0x000000001e1d0000)]
  0x000000001c0cd800 JavaThread "C1 CompilerThread2" daemon [_thread_blocked, id=1796, stack(0x000000001d0c0000,0x000000001d1c0000)]
  0x000000001c0cb800 JavaThread "C2 CompilerThread1" daemon [_thread_in_native, id=6252, stack(0x000000001db80000,0x000000001dc80000)]
=>0x000000001c0c7800 JavaThread "C2 CompilerThread0" daemon [_thread_in_native, id=6340, stack(0x000000001d9c0000,0x000000001dac0000)]
  0x000000001c0c4000 JavaThread "Attach Listener" daemon [_thread_blocked, id=6588, stack(0x000000001d810000,0x000000001d910000)]
  0x000000001c0c3000 JavaThread "Signal Dispatcher" daemon [_thread_blocked, id=6444, stack(0x000000001d2e0000,0x000000001d3e0000)]
  0x000000001c0a2800 JavaThread "Finalizer" daemon [_thread_blocked, id=4036, stack(0x000000001d5d0000,0x000000001d6d0000)]
  0x000000001c061000 JavaThread "Reference Handler" daemon [_thread_blocked, id=7060, stack(0x000000001d490000,0x000000001d590000)]
  0x00000000022ee800 JavaThread "main" [_thread_in_vm, id=6828, stack(0x0000000002330000,0x0000000002430000)]

Other Threads:
  0x000000001c059800 VMThread [stack: 0x000000001d1e0000,0x000000001d2e0000] [id=1208]
  0x000000001dceb800 WatcherThread [stack: 0x000000001e360000,0x000000001e460000] [id=6660]

VM state:not at safepoint (normal execution)

VM Mutex/Monitor currently owned by a thread:  ([mutex/lock_event])
[0x00000000022ece30] Threads_lock - owner thread: 0x00000000022ee800

Heap:
 PSYoungGen      total 37888K, used 15832K [0x000000076ab00000, 0x000000076d500000, 0x00000007c0000000)
  eden space 32768K, 48% used [0x000000076ab00000,0x000000076ba76310,0x000000076cb00000)
  from space 5120K, 0% used [0x000000076cb00000,0x000000076cb00000,0x000000076d000000)
  to   space 5120K, 0% used [0x000000076d000000,0x000000076d000000,0x000000076d500000)
 ParOldGen       total 58368K, used 3426K [0x00000006c0000000, 0x00000006c3900000, 0x000000076ab00000)
  object space 58368K, 5% used [0x00000006c0000000,0x00000006c0358968,0x00000006c3900000)
 Metaspace       used 5481K, capacity 6608K, committed 6784K, reserved 1058816K
  class space    used 557K, capacity 584K, committed 640K, reserved 1048576K

Card table byte_map: [0x0000000011b40000,0x0000000012350000] byte_map_base: 0x000000000e540000

Marking Bits: (ParMarkBitMap*) 0x000000006d2b3950
 Begin Bits: [0x0000000012ed0000, 0x0000000016ed0000)
 End Bits:   [0x0000000016ed0000, 0x000000001aed0000)

Polling page: 0x0000000000330000

CodeCache: size=245760Kb used=3090Kb max_used=3090Kb free=242669Kb
 bounds [0x0000000002780000, 0x0000000002a90000, 0x0000000011780000]
 total_blobs=993 nmethods=732 adapters=175
 compilation: enabled

Compilation events (10 events):
Event: 1.223 Thread 0x000000001c0cd800  522   !   3       com.android.dx.cf.code.BaseMachine::arg (36 bytes)
Event: 1.225 Thread 0x000000001c0cb800  526       4       java.util.Arrays::copyOfRange (63 bytes)
Event: 1.227 Thread 0x000000001c0cb800 nmethod 526 0x000000000299bf90 code [0x000000000299c0e0, 0x000000000299c2f8]
Event: 1.235 Thread 0x000000001c0cb800  529       4       java.util.BitSet::set (58 bytes)
Event: 1.237 Thread 0x000000001c0cb800 nmethod 529 0x000000000299bbd0 code [0x000000000299bd20, 0x000000000299be38]
Event: 1.240 Thread 0x000000001c0cb800  536       4       com.android.dx.rop.code.BasicBlockList::get (9 bytes)
Event: 1.240 Thread 0x000000001c0cb800 nmethod 536 0x000000000299b850 code [0x000000000299b9a0, 0x000000000299ba78]
Event: 1.241 Thread 0x000000001c0cb800  538       4       com.android.dx.rop.type.Type::hashCode (8 bytes)
Event: 1.243 Thread 0x000000001c0cb800 nmethod 538 0x000000000299b490 code [0x000000000299b5c0, 0x000000000299b738]
Event: 1.245 Thread 0x000000001c0cb800  540   !   4       com.android.dx.util.FixedSizeList::<init> (36 bytes)

GC Heap History (0 events):
No events

Deoptimization events (0 events):
No events

Classes redefined (0 events):
No events

Internal exceptions (2 events):
Event: 0.316 Thread 0x00000000022ee800 Exception <a 'java/lang/NoSuchMethodError': Method sun.misc.Unsafe.defineClass(Ljava/lang/String;[BII)Ljava/lang/Class; name or signature does not match> (0x000000076ab07ca8) thrown at [D:\src\AOSP-openjdk-cygwin\jdk8u\hotspot\src\share\vm\prims\jni.cpp, 
Event: 0.316 Thread 0x00000000022ee800 Exception <a 'java/lang/NoSuchMethodError': Method sun.misc.Unsafe.prefetchRead(Ljava/lang/Object;J)V name or signature does not match> (0x000000076ab07f90) thrown at [D:\src\AOSP-openjdk-cygwin\jdk8u\hotspot\src\share\vm\prims\jni.cpp, line 4011]

Events (10 events):
Event: 1.138 loading class com/android/dx/dex/file/MethodIdItem
Event: 1.138 loading class com/android/dx/dex/file/MethodIdItem done
Event: 1.138 loading class com/android/dx/cf/code/SwitchList
Event: 1.138 loading class com/android/dx/cf/code/SwitchList done
Event: 1.181 loading class com/android/dx/ssa/back/FirstFitLocalCombiningAllocator$Multiset
Event: 1.181 loading class com/android/dx/ssa/back/FirstFitLocalCombiningAllocator$Multiset done
Event: 1.190 loading class java/util/DualPivotQuicksort
Event: 1.191 loading class java/util/DualPivotQuicksort done
Event: 1.209 loading class com/android/dx/rop/cst/CstEnumRef
Event: 1.209 loading class com/android/dx/rop/cst/CstEnumRef done


Dynamic libraries:
0x000000013fcd0000 - 0x000000013fd01000 	C:\Program Files\Android\Android Studio\jre\bin\java.exe
0x00000000774c0000 - 0x0000000077669000 	C:\Windows\SYSTEM32\ntdll.dll
0x00000000772a0000 - 0x00000000773bf000 	C:\Windows\system32\kernel32.dll
0x000007fefd580000 - 0x000007fefd5eb000 	C:\Windows\system32\KERNELBASE.dll
0x000007fefdd60000 - 0x000007fefde3b000 	C:\Windows\system32\ADVAPI32.dll
0x000007fefd7e0000 - 0x000007fefd87f000 	C:\Windows\system32\msvcrt.dll
0x000007fefdef0000 - 0x000007fefdf0f000 	C:\Windows\SYSTEM32\sechost.dll
0x000007fefda60000 - 0x000007fefdb8d000 	C:\Windows\system32\RPCRT4.dll
0x00000000773c0000 - 0x00000000774ba000 	C:\Windows\system32\USER32.dll
0x000007fefde80000 - 0x000007fefdee7000 	C:\Windows\system32\GDI32.dll
0x000007fefe1e0000 - 0x000007fefe1ee000 	C:\Windows\system32\LPK.dll
0x000007fefe110000 - 0x000007fefe1d9000 	C:\Windows\system32\USP10.dll
0x000007fefbd90000 - 0x000007fefbf84000 	C:\Windows\WinSxS\amd64_microsoft.windows.common-controls_6595b64144ccf1df_6.0.7601.17514_none_fa396087175ac9ac\COMCTL32.dll
0x000007feff750000 - 0x000007feff7c1000 	C:\Windows\system32\SHLWAPI.dll
0x000007fefde50000 - 0x000007fefde7e000 	C:\Windows\system32\IMM32.DLL
0x000007feff640000 - 0x000007feff749000 	C:\Windows\system32\MSCTF.dll
0x000000006ffd0000 - 0x00000000700a2000 	C:\Program Files\Android\Android Studio\jre\jre\bin\msvcr100.dll
0x000000006caf0000 - 0x000000006d32e000 	C:\Program Files\Android\Android Studio\jre\jre\bin\server\jvm.dll
0x000007fef76b0000 - 0x000007fef76b9000 	C:\Windows\system32\WSOCK32.dll
0x000007fefdd10000 - 0x000007fefdd5d000 	C:\Windows\system32\WS2_32.dll
0x000007fefde40000 - 0x000007fefde48000 	C:\Windows\system32\NSI.dll
0x000007fefaa10000 - 0x000007fefaa4b000 	C:\Windows\system32\WINMM.dll
0x000007fefc380000 - 0x000007fefc38c000 	C:\Windows\system32\VERSION.dll
0x0000000077690000 - 0x0000000077697000 	C:\Windows\system32\PSAPI.DLL
0x000007fef7700000 - 0x000007fef770f000 	C:\Program Files\Android\Android Studio\jre\jre\bin\verify.dll
0x000007fee2120000 - 0x000007fee2149000 	C:\Program Files\Android\Android Studio\jre\jre\bin\java.dll
0x000007feef560000 - 0x000007feef576000 	C:\Program Files\Android\Android Studio\jre\jre\bin\zip.dll
0x000007fefe8b0000 - 0x000007feff638000 	C:\Windows\system32\SHELL32.dll
0x000007fefe440000 - 0x000007fefe643000 	C:\Windows\system32\ole32.dll
0x000007fefd410000 - 0x000007fefd41f000 	C:\Windows\system32\profapi.dll

VM Arguments:
jvm_args: -Djava.awt.headless=true -Xmx4g -Dfile.encoding=windows-1252 -Duser.country=US -Duser.language=en -Duser.variant 
java_command: com.android.dx.command.Main --dex --force-jumbo --num-threads=4 --multi-dex --output D:\MyPC\androidworkplace\Vhortext\app\build\intermediates\transforms\dex\debug\folders\1000\5\slice_8 D:\MyPC\androidworkplace\Vhortext\app\build\intermediates\transforms\instantRunSlicer\debug\folders\1\5\slice_8
java_class_path (initial): C:\Users\db\AppData\Local\Android\Sdk\build-tools\25.0.2\lib\dx.jar
Launcher Type: SUN_STANDARD

Environment Variables:
PATH=C:\ProgramData\Oracle\Java\javapath;C:\Program Files (x86)\Common Files\Intel\Shared Files\cpp\bin\Intel64;c:\OraHome_1\bin;c:\OraHome_1\jre\1.4.2\bin\client;c:\OraHome_1\jre\1.4.2\bin;c:\DevSuiteHome_1\jdk\jre\bin\classic;c:\DevSuiteHome_1\jdk\jre\bin;c:\DevSuiteHome_1\jdk\jre\bin\client;c:\DevSuiteHome_1\jlib;c:\DevSuiteHome_1\bin;c:\DevSuiteHome_1\jre\1.4.2\bin\client;c:\DevSuiteHome_1\jre\1.4.2\bin;C:\Windows\system32;C:\Windows;C:\Windows\System32\Wbem;C:\Windows\System32\WindowsPowerShell\v1.0\;C:\Program Files\Java\jdk1.8.0_101\bin;C:\Program Files (x86)\Skype\Phone\;C:\Program Files\nodejs\;C:\Users\db\AppData\Roaming\npm;C:\Users\db\AppData\Local\Programs\Git\cmd
USERNAME=db
OS=Windows_NT
PROCESSOR_IDENTIFIER=Intel64 Family 6 Model 60 Stepping 3, GenuineIntel



---------------  S Y S T E M  ---------------

OS: Windows 7 , 64 bit Build 7601 (6.1.7601.17514)

CPU:total 4 (initial active 4) (2 cores per cpu, 2 threads per core) family 6 model 60 stepping 3, cmov, cx8, fxsr, mmx, sse, sse2, sse3, ssse3, sse4.1, sse4.2, popcnt, avx, avx2, aes, clmul, erms, lzcnt, ht, tsc, tscinvbit, bmi1, bmi2

Memory: 4k page, physical 8256556k(1545168k free), swap 9893108k(26640k free)

vm_info: OpenJDK 64-Bit Server VM (25.152-b01) for windows-amd64 JRE (1.8.0_152-release-915-b01), built by "builder" with MS VC++ 10.0 (VS2010)

time: Thu Mar 15 18:18:00 2018
elapsed time: 1 seconds (0d 0h 0m 1s)

