#
# There is insufficient memory for the Java Runtime Environment to continue.
# Native memory allocation (malloc) failed to allocate 454736 bytes for Chunk::new
# Possible reasons:
#   The system is out of physical RAM or swap space
#   In 32 bit mode, the process size limit was hit
# Possible solutions:
#   Reduce memory load on the system
#   Increase physical memory or swap space
#   Check if swap backing store is full
#   Use 64 bit Java on a 64 bit OS
#   Decrease Java heap size (-Xmx/-Xms)
#   Decrease number of Java threads
#   Decrease Java thread stack sizes (-Xss)
#   Set larger code cache with -XX:ReservedCodeCacheSize=
# This output file may be truncated or incomplete.
#
#  Out of Memory Error (allocation.cpp:390), pid=6284, tid=0x0000000000001908
#
# JRE version: OpenJDK Runtime Environment (8.0_152-b01) (build 1.8.0_152-release-915-b01)
# Java VM: OpenJDK 64-Bit Server VM (25.152-b01 mixed mode windows-amd64 compressed oops)
# Failed to write core dump. Minidumps are not enabled by default on client versions of Windows
#

---------------  T H R E A D  ---------------

Current thread (0x000000001c105000):  JavaThread "C2 CompilerThread0" daemon [_thread_in_native, id=6408, stack(0x000000001dde0000,0x000000001dee0000)]

Stack: [0x000000001dde0000,0x000000001dee0000]
[error occurred during error reporting (printing stack bounds), id 0xc0000005]

Native frames: (J=compiled Java code, j=interpreted, Vv=VM code, C=native code)


Current CompileTask:
C2:   2422 1001   !   4       com.android.dx.cf.code.BytecodeArray::parseInstruction (2764 bytes)


---------------  P R O C E S S  ---------------

Java Threads: ( => current thread )
  0x000000001d6ec800 JavaThread "pool-2-thread-4" [_thread_blocked, id=6448, stack(0x000000001e960000,0x000000001ea60000)]
  0x000000001d73f000 JavaThread "pool-2-thread-3" [_thread_blocked, id=6444, stack(0x000000001e6f0000,0x000000001e7f0000)]
  0x000000001d6e4800 JavaThread "pool-2-thread-2" [_thread_in_Java, id=6440, stack(0x000000001e590000,0x000000001e690000)]
  0x000000001d6d6000 JavaThread "pool-3-thread-1" [_thread_blocked, id=6436, stack(0x000000001e430000,0x000000001e530000)]
  0x000000001d6d3000 JavaThread "pool-2-thread-1" [_thread_blocked, id=6432, stack(0x000000001e290000,0x000000001e390000)]
  0x000000001c10e000 JavaThread "Service Thread" daemon [_thread_blocked, id=6420, stack(0x000000001d960000,0x000000001da60000)]
  0x000000001d567800 JavaThread "C1 CompilerThread2" daemon [_thread_blocked, id=6416, stack(0x000000001df10000,0x000000001e010000)]
  0x000000001d565800 JavaThread "C2 CompilerThread1" daemon [_thread_in_native, id=6412, stack(0x000000001dbb0000,0x000000001dcb0000)]
=>0x000000001c105000 JavaThread "C2 CompilerThread0" daemon [_thread_in_native, id=6408, stack(0x000000001dde0000,0x000000001dee0000)]
  0x000000001c104000 JavaThread "Attach Listener" daemon [_thread_blocked, id=6404, stack(0x000000001dcb0000,0x000000001ddb0000)]
  0x000000001c102800 JavaThread "Signal Dispatcher" daemon [_thread_blocked, id=6400, stack(0x000000001da80000,0x000000001db80000)]
  0x000000001c0e2800 JavaThread "Finalizer" daemon [_thread_blocked, id=6396, stack(0x000000001d460000,0x000000001d560000)]
  0x000000001c0a1000 JavaThread "Reference Handler" daemon [_thread_blocked, id=6392, stack(0x000000001d200000,0x000000001d300000)]
  0x000000000210e800 JavaThread "main" [_thread_in_vm, id=6364, stack(0x0000000002230000,0x0000000002330000)]

Other Threads:
  0x000000001c099800 VMThread [stack: 0x000000001d030000,0x000000001d130000] [id=6388]
  0x000000001d56a000 WatcherThread [stack: 0x000000001e090000,0x000000001e190000] [id=6424]

VM state:not at safepoint (normal execution)

VM Mutex/Monitor currently owned by a thread: None

Heap:
 PSYoungGen      total 37888K, used 19385K [0x000000076ab00000, 0x000000076d500000, 0x00000007c0000000)
  eden space 32768K, 43% used [0x000000076ab00000,0x000000076b8f21e8,0x000000076cb00000)
  from space 5120K, 99% used [0x000000076d000000,0x000000076d4fc218,0x000000076d500000)
  to   space 5120K, 0% used [0x000000076cb00000,0x000000076cb00000,0x000000076d000000)
 ParOldGen       total 86016K, used 4297K [0x00000006c0000000, 0x00000006c5400000, 0x000000076ab00000)
  object space 86016K, 4% used [0x00000006c0000000,0x00000006c0432520,0x00000006c5400000)
 Metaspace       used 5757K, capacity 6832K, committed 7040K, reserved 1056768K
  class space    used 572K, capacity 616K, committed 640K, reserved 1048576K

Card table byte_map: [0x0000000011aa0000,0x00000000122b0000] byte_map_base: 0x000000000e4a0000

Marking Bits: (ParMarkBitMap*) 0x000000006f223950
 Begin Bits: [0x0000000012f10000, 0x0000000016f10000)
 End Bits:   [0x0000000016f10000, 0x000000001af10000)

Polling page: 0x0000000000240000

CodeCache: size=245760Kb used=4170Kb max_used=4183Kb free=241589Kb
 bounds [0x00000000026e0000, 0x0000000002b00000, 0x00000000116e0000]
 total_blobs=1344 nmethods=1083 adapters=175
 compilation: enabled

Compilation events (10 events):
Event: 2.222 Thread 0x000000001d565800 1069       4       com.android.dx.rop.code.RopMethod::labelToPredecessors (54 bytes)
Event: 2.237 Thread 0x000000001d567800 1064 %     3       com.android.dx.ssa.SsaMethod::deleteInsns @ 8 (239 bytes)
Event: 2.240 Thread 0x000000001d567800 nmethod 1064% 0x0000000002a9fed0 code [0x0000000002aa02e0, 0x0000000002aa28c8]
Event: 2.240 Thread 0x000000001d567800 1089       3       com.android.dx.cf.code.Ropper::getAvailableLabel (54 bytes)
Event: 2.240 Thread 0x000000001d567800 nmethod 1089 0x0000000002a88810 code [0x0000000002a889e0, 0x0000000002a89368]
Event: 2.240 Thread 0x000000001d567800 1045 %     3       com.android.dx.ssa.LocalVariableExtractor::processBlock @ 322 (383 bytes)
Event: 2.243 Thread 0x000000001d567800 nmethod 1045% 0x0000000002aa4190 code [0x0000000002aa4640, 0x0000000002aa7da8]
Event: 2.244 Thread 0x000000001d567800 1043 %     3       com.android.dx.ssa.SsaRenamer$BlockRenamer::process @ 29 (191 bytes)
Event: 2.245 Thread 0x000000001d567800 nmethod 1043% 0x0000000002aaa690 code [0x0000000002aaa9e0, 0x0000000002aac7f8]
Event: 2.245 Thread 0x000000001d567800 1099       3       com.android.dx.ssa.LocalVariableExtractor::processBlock (383 bytes)

GC Heap History (2 events):
Event: 0.967 GC heap before
{Heap before GC invocations=1 (full 0):
 PSYoungGen      total 37888K, used 32768K [0x000000076ab00000, 0x000000076d500000, 0x00000007c0000000)
  eden space 32768K, 100% used [0x000000076ab00000,0x000000076cb00000,0x000000076cb00000)
  from space 5120K, 0% used [0x000000076d000000,0x000000076d000000,0x000000076d500000)
  to   space 5120K, 0% used [0x000000076cb00000,0x000000076cb00000,0x000000076d000000)
 ParOldGen       total 86016K, used 0K [0x00000006c0000000, 0x00000006c5400000, 0x000000076ab00000)
  object space 86016K, 0% used [0x00000006c0000000,0x00000006c0000000,0x00000006c5400000)
 Metaspace       used 5683K, capacity 6832K, committed 7040K, reserved 1056768K
  class space    used 570K, capacity 616K, committed 640K, reserved 1048576K
Event: 1.817 GC heap after
Heap after GC invocations=1 (full 0):
 PSYoungGen      total 37888K, used 5104K [0x000000076ab00000, 0x000000076d500000, 0x00000007c0000000)
  eden space 32768K, 0% used [0x000000076ab00000,0x000000076ab00000,0x000000076cb00000)
  from space 5120K, 99% used [0x000000076cb00000,0x000000076cffc360,0x000000076d000000)
  to   space 5120K, 0% used [0x000000076d000000,0x000000076d000000,0x000000076d500000)
 ParOldGen       total 86016K, used 941K [0x00000006c0000000, 0x00000006c5400000, 0x000000076ab00000)
  object space 86016K, 1% used [0x00000006c0000000,0x00000006c00eb4f0,0x00000006c5400000)
 Metaspace       used 5683K, capacity 6832K, committed 7040K, reserved 1056768K
  class space    used 570K, capacity 616K, committed 640K, reserved 1048576K
}

Deoptimization events (10 events):
Event: 0.715 Thread 0x000000001d6e4800 Uncommon trap: reason=unstable_if action=reinterpret pc=0x000000000299be14 method=com.android.dx.rop.code.RegisterSpec.equals(ILcom/android/dx/rop/type/TypeBearer;Lcom/android/dx/rop/code/LocalItem;)Z @ 16
Event: 0.719 Thread 0x000000001d6e4800 Uncommon trap: reason=unstable_if action=reinterpret pc=0x000000000297c318 method=com.android.dx.rop.code.RegisterSpec.equals(ILcom/android/dx/rop/type/TypeBearer;Lcom/android/dx/rop/code/LocalItem;)Z @ 16
Event: 0.727 Thread 0x000000001d6e4800 Uncommon trap: reason=unloaded action=reinterpret pc=0x000000000298143c method=com.android.dx.ssa.SsaRenamer$BlockRenamer.visitMoveInsn(Lcom/android/dx/ssa/NormalSsaInsn;)V @ 208
Event: 0.731 Thread 0x000000001d6e4800 Uncommon trap: reason=unstable_if action=reinterpret pc=0x00000000028fc0b4 method=java.util.BitSet.nextSetBit(I)I @ 87
Event: 0.744 Thread 0x000000001d6e4800 Uncommon trap: reason=unstable_if action=reinterpret pc=0x00000000029132f8 method=java.util.BitSet.ensureCapacity(I)V @ 6
Event: 0.893 Thread 0x000000001d6d3000 Uncommon trap: reason=unstable_if action=reinterpret pc=0x00000000029afb8c method=com.android.dx.ssa.SsaRenamer$BlockRenamer.addMapping(ILcom/android/dx/rop/code/RegisterSpec;)V @ 120
Event: 0.898 Thread 0x000000001d6d3000 Uncommon trap: reason=class_check action=maybe_recompile pc=0x0000000002a3dcc4 method=com.android.dx.ssa.NormalSsaInsn.accept(Lcom/android/dx/ssa/SsaInsn$Visitor;)V @ 9
Event: 0.898 Thread 0x000000001d6d3000 Uncommon trap: reason=class_check action=maybe_recompile pc=0x0000000002a3dcc4 method=com.android.dx.ssa.NormalSsaInsn.accept(Lcom/android/dx/ssa/SsaInsn$Visitor;)V @ 9
Event: 0.898 Thread 0x000000001d6d3000 Uncommon trap: reason=class_check action=maybe_recompile pc=0x0000000002a3dcc4 method=com.android.dx.ssa.NormalSsaInsn.accept(Lcom/android/dx/ssa/SsaInsn$Visitor;)V @ 9
Event: 0.899 Thread 0x000000001d6d3000 Uncommon trap: reason=class_check action=maybe_recompile pc=0x0000000002a3dcc4 method=com.android.dx.ssa.NormalSsaInsn.accept(Lcom/android/dx/ssa/SsaInsn$Visitor;)V @ 9

Classes redefined (0 events):
No events

Internal exceptions (2 events):
Event: 0.053 Thread 0x000000000210e800 Exception <a 'java/lang/NoSuchMethodError': Method sun.misc.Unsafe.defineClass(Ljava/lang/String;[BII)Ljava/lang/Class; name or signature does not match> (0x000000076ab07ca8) thrown at [D:\src\AOSP-openjdk-cygwin\jdk8u\hotspot\src\share\vm\prims\jni.cpp, 
Event: 0.053 Thread 0x000000000210e800 Exception <a 'java/lang/NoSuchMethodError': Method sun.misc.Unsafe.prefetchRead(Ljava/lang/Object;J)V name or signature does not match> (0x000000076ab07f90) thrown at [D:\src\AOSP-openjdk-cygwin\jdk8u\hotspot\src\share\vm\prims\jni.cpp, line 4011]

Events (10 events):
Event: 1.889 loading class java/util/TreeMap$EntrySet
Event: 1.889 loading class java/util/TreeMap$EntrySet done
Event: 1.889 loading class java/util/TreeMap$EntryIterator
Event: 1.889 loading class java/util/TreeMap$EntryIterator done
Event: 1.889 Executing VM operation: Deoptimize
Event: 1.900 Executing VM operation: Deoptimize done
Event: 2.138 Thread 0x000000001d6e4800 DEOPT PACKING pc=0x0000000002a04ac8 sp=0x000000001e68e810
Event: 2.138 Thread 0x000000001d6e4800 DEOPT UNPACKING pc=0x00000000027275bf sp=0x000000001e68e600 mode 0
Event: 2.207 Thread 0x000000001d6e4800 DEOPT PACKING pc=0x0000000002a04ac8 sp=0x000000001e68e8e0
Event: 2.207 Thread 0x000000001d6e4800 DEOPT UNPACKING pc=0x00000000027275bf sp=0x000000001e68e6c0 mode 0


Dynamic libraries:
0x000000013f610000 - 0x000000013f641000 	C:\Program Files\Android\Android Studio\jre\bin\java.exe
0x0000000076e50000 - 0x0000000076ff9000 	C:\Windows\SYSTEM32\ntdll.dll
0x0000000076d30000 - 0x0000000076e4f000 	C:\Windows\system32\kernel32.dll
0x000007fefd0e0000 - 0x000007fefd14b000 	C:\Windows\system32\KERNELBASE.dll
0x000007fefd170000 - 0x000007fefd24b000 	C:\Windows\system32\ADVAPI32.dll
0x000007fefef40000 - 0x000007fefefdf000 	C:\Windows\system32\msvcrt.dll
0x000007fefd5a0000 - 0x000007fefd5bf000 	C:\Windows\SYSTEM32\sechost.dll
0x000007fefed40000 - 0x000007fefee6d000 	C:\Windows\system32\RPCRT4.dll
0x0000000076c30000 - 0x0000000076d2a000 	C:\Windows\system32\USER32.dll
0x000007fefdc30000 - 0x000007fefdc97000 	C:\Windows\system32\GDI32.dll
0x000007fefdaf0000 - 0x000007fefdafe000 	C:\Windows\system32\LPK.dll
0x000007fefee70000 - 0x000007fefef39000 	C:\Windows\system32\USP10.dll
0x000007fefb720000 - 0x000007fefb914000 	C:\Windows\WinSxS\amd64_microsoft.windows.common-controls_6595b64144ccf1df_6.0.7601.17514_none_fa396087175ac9ac\COMCTL32.dll
0x000007fefd700000 - 0x000007fefd771000 	C:\Windows\system32\SHLWAPI.dll
0x000007fefec70000 - 0x000007fefec9e000 	C:\Windows\system32\IMM32.DLL
0x000007fefd9e0000 - 0x000007fefdae9000 	C:\Windows\system32\MSCTF.dll
0x000000006dce0000 - 0x000000006ddb2000 	C:\Program Files\Android\Android Studio\jre\jre\bin\msvcr100.dll
0x000000006ea60000 - 0x000000006f29e000 	C:\Program Files\Android\Android Studio\jre\jre\bin\server\jvm.dll
0x000007fee0250000 - 0x000007fee0259000 	C:\Windows\system32\WSOCK32.dll
0x000007fefd4b0000 - 0x000007fefd4fd000 	C:\Windows\system32\WS2_32.dll
0x000007fefded0000 - 0x000007fefded8000 	C:\Windows\system32\NSI.dll
0x000007fefa480000 - 0x000007fefa4bb000 	C:\Windows\system32\WINMM.dll
0x000007fefbf00000 - 0x000007fefbf0c000 	C:\Windows\system32\VERSION.dll
0x0000000077010000 - 0x0000000077017000 	C:\Windows\system32\PSAPI.DLL
0x000007fee0260000 - 0x000007fee026f000 	C:\Program Files\Android\Android Studio\jre\jre\bin\verify.dll
0x000007fedfc70000 - 0x000007fedfc99000 	C:\Program Files\Android\Android Studio\jre\jre\bin\java.dll
0x000007fedfcb0000 - 0x000007fedfcc6000 	C:\Program Files\Android\Android Studio\jre\jre\bin\zip.dll
0x000007fefdee0000 - 0x000007fefec68000 	C:\Windows\system32\SHELL32.dll
0x000007fefdca0000 - 0x000007fefdea3000 	C:\Windows\system32\ole32.dll
0x000007fefcda0000 - 0x000007fefcdaf000 	C:\Windows\system32\profapi.dll

VM Arguments:
jvm_args: -Djava.awt.headless=true -Xmx4g -Dfile.encoding=windows-1252 -Duser.country=US -Duser.language=en -Duser.variant 
java_command: com.android.dx.command.Main --dex --force-jumbo --num-threads=4 --multi-dex --output D:\MyPC\androidworkplace\Vhortext\app\build\intermediates\transforms\dex\debug\folders\1000\5\slice_7 D:\MyPC\androidworkplace\Vhortext\app\build\intermediates\transforms\instantRunSlicer\debug\folders\1\5\slice_7
java_class_path (initial): C:\Users\db\AppData\Local\Android\Sdk\build-tools\25.0.2\lib\dx.jar
Launcher Type: SUN_STANDARD

Environment Variables:
PATH=C:\ProgramData\Oracle\Java\javapath;C:\Program Files (x86)\Common Files\Intel\Shared Files\cpp\bin\Intel64;c:\OraHome_1\bin;c:\OraHome_1\jre\1.4.2\bin\client;c:\OraHome_1\jre\1.4.2\bin;c:\DevSuiteHome_1\jdk\jre\bin\classic;c:\DevSuiteHome_1\jdk\jre\bin;c:\DevSuiteHome_1\jdk\jre\bin\client;c:\DevSuiteHome_1\jlib;c:\DevSuiteHome_1\bin;c:\DevSuiteHome_1\jre\1.4.2\bin\client;c:\DevSuiteHome_1\jre\1.4.2\bin;C:\Windows\system32;C:\Windows;C:\Windows\System32\Wbem;C:\Windows\System32\WindowsPowerShell\v1.0\;C:\Program Files\Java\jdk1.8.0_101\bin;C:\Program Files (x86)\Skype\Phone\;C:\Program Files\nodejs\;C:\Users\db\AppData\Roaming\npm;C:\Users\db\AppData\Local\Programs\Git\cmd
USERNAME=db
OS=Windows_NT
PROCESSOR_IDENTIFIER=Intel64 Family 6 Model 60 Stepping 3, GenuineIntel



---------------  S Y S T E M  ---------------

OS: Windows 7 , 64 bit Build 7601 (6.1.7601.17514)

CPU:total 4 (initial active 4) (2 cores per cpu, 2 threads per core) family 6 model 60 stepping 3, cmov, cx8, fxsr, mmx, sse, sse2, sse3, ssse3, sse4.1, sse4.2, popcnt, avx, avx2, aes, clmul, erms, lzcnt, ht, tsc, tscinvbit, bmi1, bmi2

Memory: 4k page, physical 8256556k(1553620k free), swap 9893108k(2996k free)

vm_info: OpenJDK 64-Bit Server VM (25.152-b01) for windows-amd64 JRE (1.8.0_152-release-915-b01), built by "builder" with MS VC++ 10.0 (VS2010)

time: Thu Mar 15 11:22:42 2018
elapsed time: 2 seconds (0d 0h 0m 2s)

