#
# There is insufficient memory for the Java Runtime Environment to continue.
# Native memory allocation (malloc) failed to allocate 710768 bytes for Chunk::new
# Possible reasons:
#   The system is out of physical RAM or swap space
#   In 32 bit mode, the process size limit was hit
# Possible solutions:
#   Reduce memory load on the system
#   Increase physical memory or swap space
#   Check if swap backing store is full
#   Use 64 bit Java on a 64 bit OS
#   Decrease Java heap size (-Xmx/-Xms)
#   Decrease number of Java threads
#   Decrease Java thread stack sizes (-Xss)
#   Set larger code cache with -XX:ReservedCodeCacheSize=
# This output file may be truncated or incomplete.
#
#  Out of Memory Error (allocation.cpp:390), pid=3760, tid=0x0000000000001e50
#
# JRE version: OpenJDK Runtime Environment (8.0_152-b01) (build 1.8.0_152-release-915-b01)
# Java VM: OpenJDK 64-Bit Server VM (25.152-b01 mixed mode windows-amd64 compressed oops)
# Failed to write core dump. Minidumps are not enabled by default on client versions of Windows
#

---------------  T H R E A D  ---------------

Current thread (0x000000001c329800):  JavaThread "C2 CompilerThread1" daemon [_thread_in_native, id=7760, stack(0x000000001d710000,0x000000001d810000)]

Stack: [0x000000001d710000,0x000000001d810000]
[error occurred during error reporting (printing stack bounds), id 0xc0000005]

Native frames: (J=compiled Java code, j=interpreted, Vv=VM code, C=native code)


Current CompileTask:
C2:  12674 2006   !   4       com.android.dx.cf.code.BytecodeArray::parseInstruction (2764 bytes)


---------------  P R O C E S S  ---------------

Java Threads: ( => current thread )
  0x000000001ebbf800 JavaThread "pool-2-thread-4" [_thread_blocked, id=7328, stack(0x000000001f380000,0x000000001f480000)]
  0x000000001e13a800 JavaThread "pool-2-thread-3" [_thread_blocked, id=5476, stack(0x000000001e9c0000,0x000000001eac0000)]
  0x000000001dfbb000 JavaThread "pool-2-thread-2" [_thread_blocked, id=6676, stack(0x000000001e8a0000,0x000000001e9a0000)]
  0x000000001dfab000 JavaThread "pool-3-thread-1" [_thread_blocked, id=7204, stack(0x000000001e740000,0x000000001e840000)]
  0x000000001dfad800 JavaThread "pool-2-thread-1" [_thread_blocked, id=7076, stack(0x000000001e3d0000,0x000000001e4d0000)]
  0x000000001de86800 JavaThread "Service Thread" daemon [_thread_blocked, id=7584, stack(0x000000001e2c0000,0x000000001e3c0000)]
  0x000000001c32b800 JavaThread "C1 CompilerThread2" daemon [_thread_blocked, id=6840, stack(0x000000001dd40000,0x000000001de40000)]
=>0x000000001c329800 JavaThread "C2 CompilerThread1" daemon [_thread_in_native, id=7760, stack(0x000000001d710000,0x000000001d810000)]
  0x000000001c325800 JavaThread "C2 CompilerThread0" daemon [_thread_in_native, id=6268, stack(0x000000001daf0000,0x000000001dbf0000)]
  0x000000001c322000 JavaThread "Attach Listener" daemon [_thread_blocked, id=6704, stack(0x000000001d940000,0x000000001da40000)]
  0x000000001c320800 JavaThread "Signal Dispatcher" daemon [_thread_blocked, id=500, stack(0x000000001d810000,0x000000001d910000)]
  0x000000001c302800 JavaThread "Finalizer" daemon [_thread_blocked, id=6364, stack(0x000000001d580000,0x000000001d680000)]
  0x000000001c2c1000 JavaThread "Reference Handler" daemon [_thread_blocked, id=6668, stack(0x000000001d220000,0x000000001d320000)]
  0x000000000233e800 JavaThread "main" [_thread_in_native, id=5740, stack(0x0000000002630000,0x0000000002730000)]

Other Threads:
  0x000000001c2b9800 VMThread [stack: 0x000000001d3e0000,0x000000001d4e0000] [id=7324]
  0x000000001dea2000 WatcherThread [stack: 0x000000001e4f0000,0x000000001e5f0000] [id=6784]

VM state:not at safepoint (normal execution)

VM Mutex/Monitor currently owned by a thread: None

Heap:
 PSYoungGen      total 70656K, used 25090K [0x000000076ab00000, 0x0000000774d00000, 0x00000007c0000000)
  eden space 65536K, 30% used [0x000000076ab00000,0x000000076be84690,0x000000076eb00000)
  from space 5120K, 99% used [0x000000076eb00000,0x000000076effc1b8,0x000000076f000000)
  to   space 17408K, 0% used [0x0000000773c00000,0x0000000773c00000,0x0000000774d00000)
 ParOldGen       total 86016K, used 37350K [0x00000006c0000000, 0x00000006c5400000, 0x000000076ab00000)
  object space 86016K, 43% used [0x00000006c0000000,0x00000006c2479b50,0x00000006c5400000)
 Metaspace       used 6075K, capacity 7088K, committed 7296K, reserved 1056768K
  class space    used 577K, capacity 616K, committed 640K, reserved 1048576K

Card table byte_map: [0x0000000011dc0000,0x00000000125d0000] byte_map_base: 0x000000000e7c0000

Marking Bits: (ParMarkBitMap*) 0x000000006d303950
 Begin Bits: [0x0000000013130000, 0x0000000017130000)
 End Bits:   [0x0000000017130000, 0x000000001b130000)

Polling page: 0x0000000000230000

CodeCache: size=245760Kb used=9723Kb max_used=9737Kb free=236036Kb
 bounds [0x0000000002a00000, 0x0000000003390000, 0x0000000011a00000]
 total_blobs=2200 nmethods=1939 adapters=175
 compilation: enabled

Compilation events (10 events):
Event: 12.581 Thread 0x000000001c32b800 2013       1       com.android.dx.cf.direct.DirectClassFile$DcfTypeList::size (5 bytes)
Event: 12.581 Thread 0x000000001c32b800 nmethod 2013 0x0000000003370890 code [0x00000000033709e0, 0x0000000003370af0]
Event: 12.593 Thread 0x000000001c32b800 2015       3       com.android.dx.command.dexer.Main::access$1600 (4 bytes)
Event: 12.593 Thread 0x000000001c32b800 nmethod 2015 0x0000000003376590 code [0x00000000033766e0, 0x0000000003376830]
Event: 12.593 Thread 0x000000001c32b800 2016       3       com.android.dx.command.dexer.Main::access$1700 (4 bytes)
Event: 12.594 Thread 0x000000001c32b800 nmethod 2016 0x0000000003376290 code [0x00000000033763e0, 0x0000000003376530]
Event: 12.594 Thread 0x000000001c32b800 2017       3       com.android.dx.command.dexer.Main::access$1800 (4 bytes)
Event: 12.594 Thread 0x000000001c32b800 nmethod 2017 0x000000000337bfd0 code [0x000000000337c120, 0x000000000337c270]
Event: 12.606 Thread 0x000000001c32b800 2018       3       java.util.concurrent.locks.AbstractQueuedSynchronizer::acquire (27 bytes)
Event: 12.606 Thread 0x000000001c32b800 nmethod 2018 0x0000000003372890 code [0x0000000003372a40, 0x0000000003372ef8]

GC Heap History (10 events):
Event: 3.488 GC heap before
{Heap before GC invocations=1 (full 0):
 PSYoungGen      total 37888K, used 32768K [0x000000076ab00000, 0x000000076d500000, 0x00000007c0000000)
  eden space 32768K, 100% used [0x000000076ab00000,0x000000076cb00000,0x000000076cb00000)
  from space 5120K, 0% used [0x000000076d000000,0x000000076d000000,0x000000076d500000)
  to   space 5120K, 0% used [0x000000076cb00000,0x000000076cb00000,0x000000076d000000)
 ParOldGen       total 86016K, used 0K [0x00000006c0000000, 0x00000006c5400000, 0x000000076ab00000)
  object space 86016K, 0% used [0x00000006c0000000,0x00000006c0000000,0x00000006c5400000)
 Metaspace       used 5777K, capacity 6832K, committed 7040K, reserved 1056768K
  class space    used 568K, capacity 616K, committed 640K, reserved 1048576K
Event: 3.844 GC heap after
Heap after GC invocations=1 (full 0):
 PSYoungGen      total 37888K, used 5103K [0x000000076ab00000, 0x000000076f500000, 0x00000007c0000000)
  eden space 32768K, 0% used [0x000000076ab00000,0x000000076ab00000,0x000000076cb00000)
  from space 5120K, 99% used [0x000000076cb00000,0x000000076cffbd38,0x000000076d000000)
  to   space 5120K, 0% used [0x000000076f000000,0x000000076f000000,0x000000076f500000)
 ParOldGen       total 86016K, used 1499K [0x00000006c0000000, 0x00000006c5400000, 0x000000076ab00000)
  object space 86016K, 1% used [0x00000006c0000000,0x00000006c0176f38,0x00000006c5400000)
 Metaspace       used 5777K, capacity 6832K, committed 7040K, reserved 1056768K
  class space    used 568K, capacity 616K, committed 640K, reserved 1048576K
}
Event: 4.674 GC heap before
{Heap before GC invocations=2 (full 0):
 PSYoungGen      total 37888K, used 37871K [0x000000076ab00000, 0x000000076f500000, 0x00000007c0000000)
  eden space 32768K, 100% used [0x000000076ab00000,0x000000076cb00000,0x000000076cb00000)
  from space 5120K, 99% used [0x000000076cb00000,0x000000076cffbd38,0x000000076d000000)
  to   space 5120K, 0% used [0x000000076f000000,0x000000076f000000,0x000000076f500000)
 ParOldGen       total 86016K, used 1499K [0x00000006c0000000, 0x00000006c5400000, 0x000000076ab00000)
  object space 86016K, 1% used [0x00000006c0000000,0x00000006c0176f38,0x00000006c5400000)
 Metaspace       used 5909K, capacity 6960K, committed 7040K, reserved 1056768K
  class space    used 573K, capacity 616K, committed 640K, reserved 1048576K
Event: 4.722 GC heap after
Heap after GC invocations=2 (full 0):
 PSYoungGen      total 70656K, used 5095K [0x000000076ab00000, 0x000000076f500000, 0x00000007c0000000)
  eden space 65536K, 0% used [0x000000076ab00000,0x000000076ab00000,0x000000076eb00000)
  from space 5120K, 99% used [0x000000076f000000,0x000000076f4f9c78,0x000000076f500000)
  to   space 5120K, 0% used [0x000000076eb00000,0x000000076eb00000,0x000000076f000000)
 ParOldGen       total 86016K, used 11229K [0x00000006c0000000, 0x00000006c5400000, 0x000000076ab00000)
  object space 86016K, 13% used [0x00000006c0000000,0x00000006c0af75c0,0x00000006c5400000)
 Metaspace       used 5909K, capacity 6960K, committed 7040K, reserved 1056768K
  class space    used 573K, capacity 616K, committed 640K, reserved 1048576K
}
Event: 5.675 GC heap before
{Heap before GC invocations=3 (full 0):
 PSYoungGen      total 70656K, used 70631K [0x000000076ab00000, 0x000000076f500000, 0x00000007c0000000)
  eden space 65536K, 100% used [0x000000076ab00000,0x000000076eb00000,0x000000076eb00000)
  from space 5120K, 99% used [0x000000076f000000,0x000000076f4f9c78,0x000000076f500000)
  to   space 5120K, 0% used [0x000000076eb00000,0x000000076eb00000,0x000000076f000000)
 ParOldGen       total 86016K, used 11229K [0x00000006c0000000, 0x00000006c5400000, 0x000000076ab00000)
  object space 86016K, 13% used [0x00000006c0000000,0x00000006c0af75c0,0x00000006c5400000)
 Metaspace       used 5996K, capacity 7024K, committed 7296K, reserved 1056768K
  class space    used 577K, capacity 616K, committed 640K, reserved 1048576K
Event: 6.160 GC heap after
Heap after GC invocations=3 (full 0):
 PSYoungGen      total 70656K, used 5094K [0x000000076ab00000, 0x000000076f500000, 0x00000007c0000000)
  eden space 65536K, 0% used [0x000000076ab00000,0x000000076ab00000,0x000000076eb00000)
  from space 5120K, 99% used [0x000000076eb00000,0x000000076eff9ab0,0x000000076f000000)
  to   space 5120K, 0% used [0x000000076f000000,0x000000076f000000,0x000000076f500000)
 ParOldGen       total 86016K, used 22169K [0x00000006c0000000, 0x00000006c5400000, 0x000000076ab00000)
  object space 86016K, 25% used [0x00000006c0000000,0x00000006c15a6570,0x00000006c5400000)
 Metaspace       used 5996K, capacity 7024K, committed 7296K, reserved 1056768K
  class space    used 577K, capacity 616K, committed 640K, reserved 1048576K
}
Event: 8.952 GC heap before
{Heap before GC invocations=4 (full 0):
 PSYoungGen      total 70656K, used 70630K [0x000000076ab00000, 0x000000076f500000, 0x00000007c0000000)
  eden space 65536K, 100% used [0x000000076ab00000,0x000000076eb00000,0x000000076eb00000)
  from space 5120K, 99% used [0x000000076eb00000,0x000000076eff9ab0,0x000000076f000000)
  to   space 5120K, 0% used [0x000000076f000000,0x000000076f000000,0x000000076f500000)
 ParOldGen       total 86016K, used 22169K [0x00000006c0000000, 0x00000006c5400000, 0x000000076ab00000)
  object space 86016K, 25% used [0x00000006c0000000,0x00000006c15a6570,0x00000006c5400000)
 Metaspace       used 6022K, capacity 7024K, committed 7296K, reserved 1056768K
  class space    used 577K, capacity 616K, committed 640K, reserved 1048576K
Event: 9.041 GC heap after
Heap after GC invocations=4 (full 0):
 PSYoungGen      total 70656K, used 5119K [0x000000076ab00000, 0x0000000773500000, 0x00000007c0000000)
  eden space 65536K, 0% used [0x000000076ab00000,0x000000076ab00000,0x000000076eb00000)
  from space 5120K, 99% used [0x000000076f000000,0x000000076f4ffea0,0x000000076f500000)
  to   space 5120K, 0% used [0x000000076eb00000,0x000000076eb00000,0x000000076f000000)
 ParOldGen       total 86016K, used 29815K [0x00000006c0000000, 0x00000006c5400000, 0x000000076ab00000)
  object space 86016K, 34% used [0x00000006c0000000,0x00000006c1d1dd58,0x00000006c5400000)
 Metaspace       used 6022K, capacity 7024K, committed 7296K, reserved 1056768K
  class space    used 577K, capacity 616K, committed 640K, reserved 1048576K
}
Event: 11.635 GC heap before
{Heap before GC invocations=5 (full 0):
 PSYoungGen      total 70656K, used 70655K [0x000000076ab00000, 0x0000000773500000, 0x00000007c0000000)
  eden space 65536K, 100% used [0x000000076ab00000,0x000000076eb00000,0x000000076eb00000)
  from space 5120K, 99% used [0x000000076f000000,0x000000076f4ffea0,0x000000076f500000)
  to   space 5120K, 0% used [0x000000076eb00000,0x000000076eb00000,0x000000076f000000)
 ParOldGen       total 86016K, used 29815K [0x00000006c0000000, 0x00000006c5400000, 0x000000076ab00000)
  object space 86016K, 34% used [0x00000006c0000000,0x00000006c1d1dd58,0x00000006c5400000)
 Metaspace       used 6066K, capacity 7088K, committed 7296K, reserved 1056768K
  class space    used 577K, capacity 616K, committed 640K, reserved 1048576K
Event: 11.660 GC heap after
Heap after GC invocations=5 (full 0):
 PSYoungGen      total 70656K, used 5104K [0x000000076ab00000, 0x0000000774d00000, 0x00000007c0000000)
  eden space 65536K, 0% used [0x000000076ab00000,0x000000076ab00000,0x000000076eb00000)
  from space 5120K, 99% used [0x000000076eb00000,0x000000076effc1b8,0x000000076f000000)
  to   space 17408K, 0% used [0x0000000773c00000,0x0000000773c00000,0x0000000774d00000)
 ParOldGen       total 86016K, used 37350K [0x00000006c0000000, 0x00000006c5400000, 0x000000076ab00000)
  object space 86016K, 43% used [0x00000006c0000000,0x00000006c2479b50,0x00000006c5400000)
 Metaspace       used 6066K, capacity 7088K, committed 7296K, reserved 1056768K
  class space    used 577K, capacity 616K, committed 640K, reserved 1048576K
}

Deoptimization events (10 events):
Event: 5.580 Thread 0x000000001dfad800 Uncommon trap: reason=unstable_if action=reinterpret pc=0x0000000002fa490c method=java.util.BitSet.nextClearBit(I)I @ 70
Event: 5.581 Thread 0x000000001dfad800 Uncommon trap: reason=unstable_if action=reinterpret pc=0x0000000002fa088c method=java.util.BitSet.nextClearBit(I)I @ 70
Event: 6.256 Thread 0x000000001dfad800 Uncommon trap: reason=unstable_if action=reinterpret pc=0x0000000002f8db4c method=com.android.dx.ssa.back.FirstFitLocalCombiningAllocator.getAlignment(I)Lcom/android/dx/ssa/back/FirstFitLocalCombiningAllocator$Alignment; @ 16
Event: 6.285 Thread 0x000000001dfad800 Uncommon trap: reason=bimorphic action=maybe_recompile pc=0x0000000002c4a430 method=java.util.HashMap.getNode(ILjava/lang/Object;)Ljava/util/HashMap$Node; @ 126
Event: 6.285 Thread 0x000000001dfad800 Uncommon trap: reason=bimorphic action=maybe_recompile pc=0x0000000002c4a430 method=java.util.HashMap.getNode(ILjava/lang/Object;)Ljava/util/HashMap$Node; @ 126
Event: 6.285 Thread 0x000000001dfad800 Uncommon trap: reason=bimorphic action=maybe_recompile pc=0x0000000002c4a430 method=java.util.HashMap.getNode(ILjava/lang/Object;)Ljava/util/HashMap$Node; @ 126
Event: 6.633 Thread 0x000000001e13a800 Uncommon trap: reason=class_check action=maybe_recompile pc=0x0000000003021fe4 method=com.android.dx.ssa.SCCP.setLatticeValueTo(IILcom/android/dx/rop/cst/Constant;)Z @ 43
Event: 6.633 Thread 0x000000001e13a800 Uncommon trap: reason=class_check action=maybe_recompile pc=0x0000000003021fe4 method=com.android.dx.ssa.SCCP.setLatticeValueTo(IILcom/android/dx/rop/cst/Constant;)Z @ 43
Event: 10.834 Thread 0x000000001dfad800 Uncommon trap: reason=unstable_if action=reinterpret pc=0x000000000324920c method=com.android.dx.cf.code.ByteCatchList.listFor(I)Lcom/android/dx/cf/code/ByteCatchList; @ 47
Event: 10.834 Thread 0x000000001dfad800 Uncommon trap: reason=unstable_if action=reinterpret pc=0x00000000031b00ec method=com.android.dx.cf.code.ByteCatchList.listFor(I)Lcom/android/dx/cf/code/ByteCatchList; @ 47

Classes redefined (0 events):
No events

Internal exceptions (4 events):
Event: 0.032 Thread 0x000000000233e800 Exception <a 'java/lang/NoSuchMethodError': Method sun.misc.Unsafe.defineClass(Ljava/lang/String;[BII)Ljava/lang/Class; name or signature does not match> (0x000000076ab07ca8) thrown at [D:\src\AOSP-openjdk-cygwin\jdk8u\hotspot\src\share\vm\prims\jni.cpp, 
Event: 0.032 Thread 0x000000000233e800 Exception <a 'java/lang/NoSuchMethodError': Method sun.misc.Unsafe.prefetchRead(Ljava/lang/Object;J)V name or signature does not match> (0x000000076ab07f90) thrown at [D:\src\AOSP-openjdk-cygwin\jdk8u\hotspot\src\share\vm\prims\jni.cpp, line 4011]
Event: 5.281 Thread 0x000000001dfad800 Implicit null exception at 0x0000000002ef9207 to 0x0000000002efa242
Event: 5.388 Thread 0x000000001dfad800 Implicit null exception at 0x0000000002d096a2 to 0x0000000002d097b1

Events (10 events):
Event: 11.631 Thread 0x000000001dfbb000 DEOPT PACKING pc=0x0000000002f39648 sp=0x000000001e99eeb0
Event: 11.631 Thread 0x000000001dfbb000 DEOPT UNPACKING pc=0x0000000002a475bf sp=0x000000001e99ec48 mode 0
Event: 11.634 Thread 0x000000001e13a800 DEOPT PACKING pc=0x0000000002eec605 sp=0x000000001eabeae0
Event: 11.634 Thread 0x000000001e13a800 DEOPT UNPACKING pc=0x0000000002a475bf sp=0x000000001eabe848 mode 0
Event: 11.635 Executing VM operation: ParallelGCFailedAllocation
Event: 11.660 Executing VM operation: ParallelGCFailedAllocation done
Event: 11.715 Thread 0x000000001e13a800 DEOPT PACKING pc=0x0000000002dd72d5 sp=0x000000001eabea40
Event: 11.715 Thread 0x000000001e13a800 DEOPT UNPACKING pc=0x0000000002a475bf sp=0x000000001eabe7f0 mode 0
Event: 12.386 Thread 0x000000001dfad800 DEOPT PACKING pc=0x0000000002ec86ec sp=0x000000001e4ce6c0
Event: 12.386 Thread 0x000000001dfad800 DEOPT UNPACKING pc=0x0000000002a475bf sp=0x000000001e4ce438 mode 0


Dynamic libraries:
0x000000013f3a0000 - 0x000000013f3d1000 	C:\Program Files\Android\Android Studio\jre\bin\java.exe
0x0000000077790000 - 0x0000000077939000 	C:\Windows\SYSTEM32\ntdll.dll
0x0000000077570000 - 0x000000007768f000 	C:\Windows\system32\kernel32.dll
0x000007fefd940000 - 0x000007fefd9ab000 	C:\Windows\system32\KERNELBASE.dll
0x000007feff3d0000 - 0x000007feff4ab000 	C:\Windows\system32\ADVAPI32.dll
0x000007feffa00000 - 0x000007feffa9f000 	C:\Windows\system32\msvcrt.dll
0x000007feff180000 - 0x000007feff19f000 	C:\Windows\SYSTEM32\sechost.dll
0x000007feff8d0000 - 0x000007feff9fd000 	C:\Windows\system32\RPCRT4.dll
0x0000000077690000 - 0x000000007778a000 	C:\Windows\system32\USER32.dll
0x000007fefe040000 - 0x000007fefe0a7000 	C:\Windows\system32\GDI32.dll
0x000007fefe0b0000 - 0x000007fefe0be000 	C:\Windows\system32\LPK.dll
0x000007feff0b0000 - 0x000007feff179000 	C:\Windows\system32\USP10.dll
0x000007fefc060000 - 0x000007fefc254000 	C:\Windows\WinSxS\amd64_microsoft.windows.common-controls_6595b64144ccf1df_6.0.7601.17514_none_fa396087175ac9ac\COMCTL32.dll
0x000007fefe0c0000 - 0x000007fefe131000 	C:\Windows\system32\SHLWAPI.dll
0x000007feff770000 - 0x000007feff79e000 	C:\Windows\system32\IMM32.DLL
0x000007feff1a0000 - 0x000007feff2a9000 	C:\Windows\system32\MSCTF.dll
0x000000006d780000 - 0x000000006d852000 	C:\Program Files\Android\Android Studio\jre\jre\bin\msvcr100.dll
0x000000006cb40000 - 0x000000006d37e000 	C:\Program Files\Android\Android Studio\jre\jre\bin\server\jvm.dll
0x000007fefc050000 - 0x000007fefc059000 	C:\Windows\system32\WSOCK32.dll
0x000007feff880000 - 0x000007feff8cd000 	C:\Windows\system32\WS2_32.dll
0x000007feff4b0000 - 0x000007feff4b8000 	C:\Windows\system32\NSI.dll
0x000007fefafe0000 - 0x000007fefb01b000 	C:\Windows\system32\WINMM.dll
0x000007fefc680000 - 0x000007fefc68c000 	C:\Windows\system32\VERSION.dll
0x0000000077960000 - 0x0000000077967000 	C:\Windows\system32\PSAPI.DLL
0x000007fefc040000 - 0x000007fefc04f000 	C:\Program Files\Android\Android Studio\jre\jre\bin\verify.dll
0x000007fef81a0000 - 0x000007fef81c9000 	C:\Program Files\Android\Android Studio\jre\jre\bin\java.dll
0x000007fef8180000 - 0x000007fef8196000 	C:\Program Files\Android\Android Studio\jre\jre\bin\zip.dll
0x000007fefe140000 - 0x000007fefeec8000 	C:\Windows\system32\SHELL32.dll
0x000007feff4c0000 - 0x000007feff6c3000 	C:\Windows\system32\ole32.dll
0x000007fefd6e0000 - 0x000007fefd6ef000 	C:\Windows\system32\profapi.dll

VM Arguments:
jvm_args: -Djava.awt.headless=true -Xmx4g -Dfile.encoding=windows-1252 -Duser.country=US -Duser.language=en -Duser.variant 
java_command: com.android.dx.command.Main --dex --force-jumbo --num-threads=4 --multi-dex --output D:\MyPC\androidworkplace\Vhortext\app\build\intermediates\transforms\dex\debug\folders\1000\5\slice_2 D:\MyPC\androidworkplace\Vhortext\app\build\intermediates\transforms\instantRunSlicer\debug\folders\1\5\slice_2
java_class_path (initial): C:\Users\db\AppData\Local\Android\Sdk\build-tools\25.0.2\lib\dx.jar
Launcher Type: SUN_STANDARD

Environment Variables:
PATH=C:\ProgramData\Oracle\Java\javapath;C:\Program Files (x86)\Common Files\Intel\Shared Files\cpp\bin\Intel64;c:\OraHome_1\bin;c:\OraHome_1\jre\1.4.2\bin\client;c:\OraHome_1\jre\1.4.2\bin;c:\DevSuiteHome_1\jdk\jre\bin\classic;c:\DevSuiteHome_1\jdk\jre\bin;c:\DevSuiteHome_1\jdk\jre\bin\client;c:\DevSuiteHome_1\jlib;c:\DevSuiteHome_1\bin;c:\DevSuiteHome_1\jre\1.4.2\bin\client;c:\DevSuiteHome_1\jre\1.4.2\bin;C:\Windows\system32;C:\Windows;C:\Windows\System32\Wbem;C:\Windows\System32\WindowsPowerShell\v1.0\;C:\Program Files\Java\jdk1.8.0_101\bin;C:\Program Files (x86)\Skype\Phone\;C:\Program Files\nodejs\;C:\Users\db\AppData\Roaming\npm;C:\Users\db\AppData\Local\Programs\Git\cmd
USERNAME=db
OS=Windows_NT
PROCESSOR_IDENTIFIER=Intel64 Family 6 Model 60 Stepping 3, GenuineIntel



---------------  S Y S T E M  ---------------

OS: Windows 7 , 64 bit Build 7601 (6.1.7601.17514)

CPU:total 4 (initial active 4) (2 cores per cpu, 2 threads per core) family 6 model 60 stepping 3, cmov, cx8, fxsr, mmx, sse, sse2, sse3, ssse3, sse4.1, sse4.2, popcnt, avx, avx2, aes, clmul, erms, lzcnt, ht, tsc, tscinvbit, bmi1, bmi2

Memory: 4k page, physical 8256556k(934580k free), swap 9893108k(5556k free)

vm_info: OpenJDK 64-Bit Server VM (25.152-b01) for windows-amd64 JRE (1.8.0_152-release-915-b01), built by "builder" with MS VC++ 10.0 (VS2010)

time: Fri Mar 16 14:24:08 2018
elapsed time: 12 seconds (0d 0h 0m 12s)

