#
# There is insufficient memory for the Java Runtime Environment to continue.
# Native memory allocation (malloc) failed to allocate 86768 bytes for Chunk::new
# Possible reasons:
#   The system is out of physical RAM or swap space
#   In 32 bit mode, the process size limit was hit
# Possible solutions:
#   Reduce memory load on the system
#   Increase physical memory or swap space
#   Check if swap backing store is full
#   Use 64 bit Java on a 64 bit OS
#   Decrease Java heap size (-Xmx/-Xms)
#   Decrease number of Java threads
#   Decrease Java thread stack sizes (-Xss)
#   Set larger code cache with -XX:ReservedCodeCacheSize=
# This output file may be truncated or incomplete.
#
#  Out of Memory Error (allocation.cpp:390), pid=5576, tid=0x0000000000000f24
#
# JRE version: OpenJDK Runtime Environment (8.0_152-b01) (build 1.8.0_152-release-915-b01)
# Java VM: OpenJDK 64-Bit Server VM (25.152-b01 mixed mode windows-amd64 compressed oops)
# Failed to write core dump. Minidumps are not enabled by default on client versions of Windows
#

---------------  T H R E A D  ---------------

Current thread (0x000000001d300800):  JavaThread "C2 CompilerThread0" daemon [_thread_in_native, id=3876, stack(0x000000001d9c0000,0x000000001dac0000)]

Stack: [0x000000001d9c0000,0x000000001dac0000]
[error occurred during error reporting (printing stack bounds), id 0xc0000005]

Native frames: (J=compiled Java code, j=interpreted, Vv=VM code, C=native code)


Current CompileTask:
C2:  11352 1889       4       com.android.dx.rop.code.LocalVariableExtractor::processBlock (327 bytes)


---------------  P R O C E S S  ---------------

Java Threads: ( => current thread )
  0x000000001e7e3800 JavaThread "pool-2-thread-4" [_thread_blocked, id=8136, stack(0x00000000200e0000,0x00000000201e0000)]
  0x000000001eea8800 JavaThread "pool-2-thread-3" [_thread_blocked, id=2236, stack(0x000000001e040000,0x000000001e140000)]
  0x000000001e8f0000 JavaThread "pool-2-thread-2" [_thread_blocked, id=1968, stack(0x000000001eef0000,0x000000001eff0000)]
  0x000000001d56e000 JavaThread "pool-3-thread-1" [_thread_blocked, id=7936, stack(0x000000001e5c0000,0x000000001e6c0000)]
  0x000000001d519800 JavaThread "pool-2-thread-1" [_thread_in_vm, id=3048, stack(0x000000001e3c0000,0x000000001e4c0000)]
  0x000000001bede000 JavaThread "Service Thread" daemon [_thread_blocked, id=5456, stack(0x000000001df10000,0x000000001e010000)]
  0x000000001d306800 JavaThread "C1 CompilerThread2" daemon [_thread_blocked, id=6188, stack(0x000000001dc20000,0x000000001dd20000)]
  0x000000001d304800 JavaThread "C2 CompilerThread1" daemon [_thread_in_native, id=896, stack(0x000000001dd60000,0x000000001de60000)]
=>0x000000001d300800 JavaThread "C2 CompilerThread0" daemon [_thread_in_native, id=3876, stack(0x000000001d9c0000,0x000000001dac0000)]
  0x000000001bed3000 JavaThread "Attach Listener" daemon [_thread_blocked, id=6404, stack(0x000000001dac0000,0x000000001dbc0000)]
  0x000000001bed2000 JavaThread "Signal Dispatcher" daemon [_thread_blocked, id=7156, stack(0x000000001d7e0000,0x000000001d8e0000)]
  0x000000001beb8000 JavaThread "Finalizer" daemon [_thread_blocked, id=5196, stack(0x000000001d200000,0x000000001d300000)]
  0x000000001be71000 JavaThread "Reference Handler" daemon [_thread_blocked, id=6032, stack(0x000000001cef0000,0x000000001cff0000)]
  0x0000000001d3e800 JavaThread "main" [_thread_in_native, id=4296, stack(0x0000000002200000,0x0000000002300000)]

Other Threads:
  0x000000001be69800 VMThread [stack: 0x000000001d040000,0x000000001d140000] [id=4524]
  0x000000001d36c800 WatcherThread [stack: 0x000000001e150000,0x000000001e250000] [id=840]

VM state:not at safepoint (normal execution)

VM Mutex/Monitor currently owned by a thread: None

Heap:
 PSYoungGen      total 70656K, used 21305K [0x000000076ab00000, 0x0000000774700000, 0x00000007c0000000)
  eden space 65536K, 24% used [0x000000076ab00000,0x000000076bad6578,0x000000076eb00000)
  from space 5120K, 99% used [0x000000076eb00000,0x000000076eff8028,0x000000076f000000)
  to   space 14336K, 0% used [0x0000000773900000,0x0000000773900000,0x0000000774700000)
 ParOldGen       total 86016K, used 21799K [0x00000006c0000000, 0x00000006c5400000, 0x000000076ab00000)
  object space 86016K, 25% used [0x00000006c0000000,0x00000006c1549c60,0x00000006c5400000)
 Metaspace       used 6042K, capacity 7088K, committed 7296K, reserved 1056768K
  class space    used 571K, capacity 616K, committed 640K, reserved 1048576K

Card table byte_map: [0x0000000011a40000,0x0000000012250000] byte_map_base: 0x000000000e440000

Marking Bits: (ParMarkBitMap*) 0x000000006d833950
 Begin Bits: [0x0000000012ce0000, 0x0000000016ce0000)
 End Bits:   [0x0000000016ce0000, 0x000000001ace0000)

Polling page: 0x0000000000130000

CodeCache: size=245760Kb used=8567Kb max_used=8576Kb free=237192Kb
 bounds [0x0000000002680000, 0x0000000002ef0000, 0x0000000011680000]
 total_blobs=2088 nmethods=1827 adapters=175
 compilation: enabled

Compilation events (10 events):
Event: 11.248 Thread 0x000000001d304800 1884       4       com.android.dx.rop.code.LocalVariableInfo::mergeStarts (75 bytes)
Event: 11.248 Thread 0x000000001d306800 nmethod 1882 0x0000000002ecccd0 code [0x0000000002ecce40, 0x0000000002ecd068]
Event: 11.248 Thread 0x000000001d306800 1885       3       java.util.Arrays::sort (19 bytes)
Event: 11.248 Thread 0x000000001d306800 nmethod 1885 0x0000000002ecc890 code [0x0000000002ecca00, 0x0000000002eccbd8]
Event: 11.279 Thread 0x000000001d304800 nmethod 1884 0x0000000002ee3d10 code [0x0000000002ee3f00, 0x0000000002ee53b8]
Event: 11.309 Thread 0x000000001d300800 nmethod 1886 0x0000000002ee93d0 code [0x0000000002ee95c0, 0x0000000002eead48]
Event: 11.323 Thread 0x000000001d304800 1887   !   4       com.android.dx.rop.type.Prototype::intern (233 bytes)
Event: 11.323 Thread 0x000000001d300800 1889       4       com.android.dx.rop.code.LocalVariableExtractor::processBlock (327 bytes)
Event: 11.323 Thread 0x000000001d306800 1888       3       com.android.dx.cf.direct.StdAttributeFactory::localVariableTable (98 bytes)
Event: 11.343 Thread 0x000000001d306800 nmethod 1888 0x0000000002eca890 code [0x0000000002ecab40, 0x0000000002ecbcb8]

GC Heap History (10 events):
Event: 2.366 GC heap before
{Heap before GC invocations=1 (full 0):
 PSYoungGen      total 37888K, used 32768K [0x000000076ab00000, 0x000000076d500000, 0x00000007c0000000)
  eden space 32768K, 100% used [0x000000076ab00000,0x000000076cb00000,0x000000076cb00000)
  from space 5120K, 0% used [0x000000076d000000,0x000000076d000000,0x000000076d500000)
  to   space 5120K, 0% used [0x000000076cb00000,0x000000076cb00000,0x000000076d000000)
 ParOldGen       total 86016K, used 0K [0x00000006c0000000, 0x00000006c5400000, 0x000000076ab00000)
  object space 86016K, 0% used [0x00000006c0000000,0x00000006c0000000,0x00000006c5400000)
 Metaspace       used 5749K, capacity 6832K, committed 7040K, reserved 1056768K
  class space    used 570K, capacity 616K, committed 640K, reserved 1048576K
Event: 2.378 GC heap after
Heap after GC invocations=1 (full 0):
 PSYoungGen      total 37888K, used 5102K [0x000000076ab00000, 0x000000076d500000, 0x00000007c0000000)
  eden space 32768K, 0% used [0x000000076ab00000,0x000000076ab00000,0x000000076cb00000)
  from space 5120K, 99% used [0x000000076cb00000,0x000000076cffba00,0x000000076d000000)
  to   space 5120K, 0% used [0x000000076d000000,0x000000076d000000,0x000000076d500000)
 ParOldGen       total 86016K, used 907K [0x00000006c0000000, 0x00000006c5400000, 0x000000076ab00000)
  object space 86016K, 1% used [0x00000006c0000000,0x00000006c00e2fa0,0x00000006c5400000)
 Metaspace       used 5749K, capacity 6832K, committed 7040K, reserved 1056768K
  class space    used 570K, capacity 616K, committed 640K, reserved 1048576K
}
Event: 2.784 GC heap before
{Heap before GC invocations=2 (full 0):
 PSYoungGen      total 37888K, used 37870K [0x000000076ab00000, 0x000000076d500000, 0x00000007c0000000)
  eden space 32768K, 100% used [0x000000076ab00000,0x000000076cb00000,0x000000076cb00000)
  from space 5120K, 99% used [0x000000076cb00000,0x000000076cffba00,0x000000076d000000)
  to   space 5120K, 0% used [0x000000076d000000,0x000000076d000000,0x000000076d500000)
 ParOldGen       total 86016K, used 907K [0x00000006c0000000, 0x00000006c5400000, 0x000000076ab00000)
  object space 86016K, 1% used [0x00000006c0000000,0x00000006c00e2fa0,0x00000006c5400000)
 Metaspace       used 5875K, capacity 6960K, committed 7040K, reserved 1056768K
  class space    used 570K, capacity 616K, committed 640K, reserved 1048576K
Event: 2.827 GC heap after
Heap after GC invocations=2 (full 0):
 PSYoungGen      total 37888K, used 5088K [0x000000076ab00000, 0x000000076f500000, 0x00000007c0000000)
  eden space 32768K, 0% used [0x000000076ab00000,0x000000076ab00000,0x000000076cb00000)
  from space 5120K, 99% used [0x000000076d000000,0x000000076d4f8048,0x000000076d500000)
  to   space 5120K, 0% used [0x000000076cb00000,0x000000076cb00000,0x000000076d000000)
 ParOldGen       total 86016K, used 4777K [0x00000006c0000000, 0x00000006c5400000, 0x000000076ab00000)
  object space 86016K, 5% used [0x00000006c0000000,0x00000006c04aa7b0,0x00000006c5400000)
 Metaspace       used 5875K, capacity 6960K, committed 7040K, reserved 1056768K
  class space    used 570K, capacity 616K, committed 640K, reserved 1048576K
}
Event: 3.375 GC heap before
{Heap before GC invocations=3 (full 0):
 PSYoungGen      total 37888K, used 37856K [0x000000076ab00000, 0x000000076f500000, 0x00000007c0000000)
  eden space 32768K, 100% used [0x000000076ab00000,0x000000076cb00000,0x000000076cb00000)
  from space 5120K, 99% used [0x000000076d000000,0x000000076d4f8048,0x000000076d500000)
  to   space 5120K, 0% used [0x000000076cb00000,0x000000076cb00000,0x000000076d000000)
 ParOldGen       total 86016K, used 4777K [0x00000006c0000000, 0x00000006c5400000, 0x000000076ab00000)
  object space 86016K, 5% used [0x00000006c0000000,0x00000006c04aa7b0,0x00000006c5400000)
 Metaspace       used 5913K, capacity 6960K, committed 7040K, reserved 1056768K
  class space    used 570K, capacity 616K, committed 640K, reserved 1048576K
Event: 3.682 GC heap after
Heap after GC invocations=3 (full 0):
 PSYoungGen      total 37888K, used 5088K [0x000000076ab00000, 0x000000076f500000, 0x00000007c0000000)
  eden space 32768K, 0% used [0x000000076ab00000,0x000000076ab00000,0x000000076cb00000)
  from space 5120K, 99% used [0x000000076cb00000,0x000000076cff8028,0x000000076d000000)
  to   space 5120K, 0% used [0x000000076f000000,0x000000076f000000,0x000000076f500000)
 ParOldGen       total 86016K, used 9168K [0x00000006c0000000, 0x00000006c5400000, 0x000000076ab00000)
  object space 86016K, 10% used [0x00000006c0000000,0x00000006c08f4068,0x00000006c5400000)
 Metaspace       used 5913K, capacity 6960K, committed 7040K, reserved 1056768K
  class space    used 570K, capacity 616K, committed 640K, reserved 1048576K
}
Event: 3.941 GC heap before
{Heap before GC invocations=4 (full 0):
 PSYoungGen      total 37888K, used 37856K [0x000000076ab00000, 0x000000076f500000, 0x00000007c0000000)
  eden space 32768K, 100% used [0x000000076ab00000,0x000000076cb00000,0x000000076cb00000)
  from space 5120K, 99% used [0x000000076cb00000,0x000000076cff8028,0x000000076d000000)
  to   space 5120K, 0% used [0x000000076f000000,0x000000076f000000,0x000000076f500000)
 ParOldGen       total 86016K, used 9168K [0x00000006c0000000, 0x00000006c5400000, 0x000000076ab00000)
  object space 86016K, 10% used [0x00000006c0000000,0x00000006c08f4068,0x00000006c5400000)
 Metaspace       used 5971K, capacity 7024K, committed 7296K, reserved 1056768K
  class space    used 570K, capacity 616K, committed 640K, reserved 1048576K
Event: 4.009 GC heap after
Heap after GC invocations=4 (full 0):
 PSYoungGen      total 70656K, used 5104K [0x000000076ab00000, 0x000000076f500000, 0x00000007c0000000)
  eden space 65536K, 0% used [0x000000076ab00000,0x000000076ab00000,0x000000076eb00000)
  from space 5120K, 99% used [0x000000076f000000,0x000000076f4fc038,0x000000076f500000)
  to   space 5120K, 0% used [0x000000076eb00000,0x000000076eb00000,0x000000076f000000)
 ParOldGen       total 86016K, used 13548K [0x00000006c0000000, 0x00000006c5400000, 0x000000076ab00000)
  object space 86016K, 15% used [0x00000006c0000000,0x00000006c0d3b3e8,0x00000006c5400000)
 Metaspace       used 5971K, capacity 7024K, committed 7296K, reserved 1056768K
  class space    used 570K, capacity 616K, committed 640K, reserved 1048576K
}
Event: 9.557 GC heap before
{Heap before GC invocations=5 (full 0):
 PSYoungGen      total 70656K, used 70640K [0x000000076ab00000, 0x000000076f500000, 0x00000007c0000000)
  eden space 65536K, 100% used [0x000000076ab00000,0x000000076eb00000,0x000000076eb00000)
  from space 5120K, 99% used [0x000000076f000000,0x000000076f4fc038,0x000000076f500000)
  to   space 5120K, 0% used [0x000000076eb00000,0x000000076eb00000,0x000000076f000000)
 ParOldGen       total 86016K, used 13548K [0x00000006c0000000, 0x00000006c5400000, 0x000000076ab00000)
  object space 86016K, 15% used [0x00000006c0000000,0x00000006c0d3b3e8,0x00000006c5400000)
 Metaspace       used 6025K, capacity 7088K, committed 7296K, reserved 1056768K
  class space    used 571K, capacity 616K, committed 640K, reserved 1048576K
Event: 9.656 GC heap after
Heap after GC invocations=5 (full 0):
 PSYoungGen      total 70656K, used 5088K [0x000000076ab00000, 0x0000000774700000, 0x00000007c0000000)
  eden space 65536K, 0% used [0x000000076ab00000,0x000000076ab00000,0x000000076eb00000)
  from space 5120K, 99% used [0x000000076eb00000,0x000000076eff8028,0x000000076f000000)
  to   space 14336K, 0% used [0x0000000773900000,0x0000000773900000,0x0000000774700000)
 ParOldGen       total 86016K, used 21799K [0x00000006c0000000, 0x00000006c5400000, 0x000000076ab00000)
  object space 86016K, 25% used [0x00000006c0000000,0x00000006c1549c60,0x00000006c5400000)
 Metaspace       used 6025K, capacity 7088K, committed 7296K, reserved 1056768K
  class space    used 571K, capacity 616K, committed 640K, reserved 1048576K
}

Deoptimization events (10 events):
Event: 3.780 Thread 0x000000001e8f0000 Uncommon trap: reason=class_check action=maybe_recompile pc=0x0000000002c4bb94 method=com.android.dx.rop.cst.CstLiteral32.equals(Ljava/lang/Object;)Z @ 20
Event: 3.780 Thread 0x000000001e8f0000 Uncommon trap: reason=class_check action=maybe_recompile pc=0x0000000002c4bb94 method=com.android.dx.rop.cst.CstLiteral32.equals(Ljava/lang/Object;)Z @ 20
Event: 3.781 Thread 0x000000001e8f0000 Uncommon trap: reason=class_check action=maybe_recompile pc=0x0000000002c4bb94 method=com.android.dx.rop.cst.CstLiteral32.equals(Ljava/lang/Object;)Z @ 20
Event: 3.783 Thread 0x000000001e8f0000 Uncommon trap: reason=class_check action=maybe_recompile pc=0x0000000002c4bb94 method=com.android.dx.rop.cst.CstLiteral32.equals(Ljava/lang/Object;)Z @ 20
Event: 4.517 Thread 0x000000001e8f0000 Uncommon trap: reason=unstable_if action=reinterpret pc=0x0000000002c9fe1c method=com.android.dx.cf.code.Ropper.processBlock(Lcom/android/dx/cf/code/ByteBlock;Lcom/android/dx/cf/code/Frame;[I)V @ 940
Event: 5.184 Thread 0x000000001d519800 Uncommon trap: reason=unstable_if action=reinterpret pc=0x0000000002d57d4c method=com.android.dx.rop.type.Prototype.compareTo(Lcom/android/dx/rop/type/Prototype;)I @ 57
Event: 8.575 Thread 0x000000001e7e3800 Uncommon trap: reason=unstable_if action=reinterpret pc=0x0000000002be352c method=com.android.dx.ssa.SCCP.simulatePhi(Lcom/android/dx/ssa/PhiInsn;)V @ 97
Event: 8.588 Thread 0x000000001e7e3800 Uncommon trap: reason=unstable_if action=reinterpret pc=0x0000000002ccde00 method=com.android.dx.rop.code.LocalVariableInfo.mergeStarts(ILcom/android/dx/rop/code/RegisterSpecSet;)Z @ 56
Event: 9.688 Thread 0x000000001e8f0000 Uncommon trap: reason=unstable_if action=reinterpret pc=0x0000000002e93814 method=java.util.BitSet.trimToSize()V @ 9
Event: 9.689 Thread 0x000000001e8f0000 Uncommon trap: reason=unstable_if action=reinterpret pc=0x0000000002cb2680 method=java.util.BitSet.trimToSize()V @ 9

Classes redefined (0 events):
No events

Internal exceptions (2 events):
Event: 0.042 Thread 0x0000000001d3e800 Exception <a 'java/lang/NoSuchMethodError': Method sun.misc.Unsafe.defineClass(Ljava/lang/String;[BII)Ljava/lang/Class; name or signature does not match> (0x000000076ab07ca8) thrown at [D:\src\AOSP-openjdk-cygwin\jdk8u\hotspot\src\share\vm\prims\jni.cpp, 
Event: 0.042 Thread 0x0000000001d3e800 Exception <a 'java/lang/NoSuchMethodError': Method sun.misc.Unsafe.prefetchRead(Ljava/lang/Object;J)V name or signature does not match> (0x000000076ab07f90) thrown at [D:\src\AOSP-openjdk-cygwin\jdk8u\hotspot\src\share\vm\prims\jni.cpp, line 4011]

Events (10 events):
Event: 11.057 Thread 0x000000001e8f0000 DEOPT PACKING pc=0x0000000002bbb3c8 sp=0x000000001efeed00
Event: 11.057 Thread 0x000000001e8f0000 DEOPT UNPACKING pc=0x00000000026c75bf sp=0x000000001efeea90 mode 0
Event: 11.057 Thread 0x000000001e8f0000 DEOPT PACKING pc=0x0000000002aef789 sp=0x000000001efeeba0
Event: 11.057 Thread 0x000000001e8f0000 DEOPT UNPACKING pc=0x00000000026c75bf sp=0x000000001efee980 mode 0
Event: 11.139 Thread 0x000000001d519800 DEOPT PACKING pc=0x0000000002b83aad sp=0x000000001e4be710
Event: 11.139 Thread 0x000000001d519800 DEOPT UNPACKING pc=0x00000000026c75bf sp=0x000000001e4be4d0 mode 0
Event: 11.142 Thread 0x000000001eea8800 DEOPT PACKING pc=0x0000000002b0d524 sp=0x000000001e13ecc0
Event: 11.142 Thread 0x000000001eea8800 DEOPT UNPACKING pc=0x00000000026c75bf sp=0x000000001e13e9d8 mode 0
Event: 11.245 Thread 0x000000001e7e3800 DEOPT PACKING pc=0x0000000002bb8c8b sp=0x00000000201dee20
Event: 11.245 Thread 0x000000001e7e3800 DEOPT UNPACKING pc=0x00000000026c75bf sp=0x00000000201deb80 mode 0


Dynamic libraries:
0x000000013f400000 - 0x000000013f431000 	C:\Program Files\Android\Android Studio\jre\bin\java.exe
0x0000000077840000 - 0x00000000779e9000 	C:\Windows\SYSTEM32\ntdll.dll
0x0000000077620000 - 0x000000007773f000 	C:\Windows\system32\kernel32.dll
0x000007fefdaf0000 - 0x000007fefdb5b000 	C:\Windows\system32\KERNELBASE.dll
0x000007feff720000 - 0x000007feff7fb000 	C:\Windows\system32\ADVAPI32.dll
0x000007feff680000 - 0x000007feff71f000 	C:\Windows\system32\msvcrt.dll
0x000007fefe350000 - 0x000007fefe36f000 	C:\Windows\SYSTEM32\sechost.dll
0x000007fefe190000 - 0x000007fefe2bd000 	C:\Windows\system32\RPCRT4.dll
0x0000000077740000 - 0x000000007783a000 	C:\Windows\system32\USER32.dll
0x000007fefdf00000 - 0x000007fefdf67000 	C:\Windows\system32\GDI32.dll
0x000007fefe2c0000 - 0x000007fefe2ce000 	C:\Windows\system32\LPK.dll
0x000007fefdf70000 - 0x000007fefe039000 	C:\Windows\system32\USP10.dll
0x000007fefc110000 - 0x000007fefc304000 	C:\Windows\WinSxS\amd64_microsoft.windows.common-controls_6595b64144ccf1df_6.0.7601.17514_none_fa396087175ac9ac\COMCTL32.dll
0x000007fefe2d0000 - 0x000007fefe341000 	C:\Windows\system32\SHLWAPI.dll
0x000007fefdd40000 - 0x000007fefdd6e000 	C:\Windows\system32\IMM32.DLL
0x000007fefe660000 - 0x000007fefe769000 	C:\Windows\system32\MSCTF.dll
0x0000000070270000 - 0x0000000070342000 	C:\Program Files\Android\Android Studio\jre\jre\bin\msvcr100.dll
0x000000006d070000 - 0x000000006d8ae000 	C:\Program Files\Android\Android Studio\jre\jre\bin\server\jvm.dll
0x000007fefb110000 - 0x000007fefb119000 	C:\Windows\system32\WSOCK32.dll
0x000007feffa60000 - 0x000007feffaad000 	C:\Windows\system32\WS2_32.dll
0x000007fefdd70000 - 0x000007fefdd78000 	C:\Windows\system32\NSI.dll
0x000007fef9950000 - 0x000007fef998b000 	C:\Windows\system32\WINMM.dll
0x000007fefc730000 - 0x000007fefc73c000 	C:\Windows\system32\VERSION.dll
0x0000000077a00000 - 0x0000000077a07000 	C:\Windows\system32\PSAPI.DLL
0x000007fefb3d0000 - 0x000007fefb3df000 	C:\Program Files\Android\Android Studio\jre\jre\bin\verify.dll
0x000007fefb080000 - 0x000007fefb0a9000 	C:\Program Files\Android\Android Studio\jre\jre\bin\java.dll
0x000007fefa9c0000 - 0x000007fefa9d6000 	C:\Program Files\Android\Android Studio\jre\jre\bin\zip.dll
0x000007fefe770000 - 0x000007feff4f8000 	C:\Windows\system32\SHELL32.dll
0x000007fefe450000 - 0x000007fefe653000 	C:\Windows\system32\ole32.dll
0x000007fefd790000 - 0x000007fefd79f000 	C:\Windows\system32\profapi.dll

VM Arguments:
jvm_args: -Djava.awt.headless=true -Xmx4g -Dfile.encoding=windows-1252 -Duser.country=US -Duser.language=en -Duser.variant 
java_command: com.android.dx.command.Main --dex --force-jumbo --num-threads=4 --multi-dex --output D:\MyPC\androidworkplace\Vhortext\app\build\intermediates\transforms\dex\debug\folders\1000\5\slice_4 D:\MyPC\androidworkplace\Vhortext\app\build\intermediates\transforms\instantRunSlicer\debug\folders\1\5\slice_4
java_class_path (initial): C:\Users\db\AppData\Local\Android\Sdk\build-tools\25.0.2\lib\dx.jar
Launcher Type: SUN_STANDARD

Environment Variables:
PATH=C:\ProgramData\Oracle\Java\javapath;C:\Program Files (x86)\Common Files\Intel\Shared Files\cpp\bin\Intel64;c:\OraHome_1\bin;c:\OraHome_1\jre\1.4.2\bin\client;c:\OraHome_1\jre\1.4.2\bin;c:\DevSuiteHome_1\jdk\jre\bin\classic;c:\DevSuiteHome_1\jdk\jre\bin;c:\DevSuiteHome_1\jdk\jre\bin\client;c:\DevSuiteHome_1\jlib;c:\DevSuiteHome_1\bin;c:\DevSuiteHome_1\jre\1.4.2\bin\client;c:\DevSuiteHome_1\jre\1.4.2\bin;C:\Windows\system32;C:\Windows;C:\Windows\System32\Wbem;C:\Windows\System32\WindowsPowerShell\v1.0\;C:\Program Files\Java\jdk1.8.0_101\bin;C:\Program Files (x86)\Skype\Phone\;C:\Program Files\nodejs\;C:\Users\db\AppData\Roaming\npm;C:\Users\db\AppData\Local\Programs\Git\cmd
USERNAME=db
OS=Windows_NT
PROCESSOR_IDENTIFIER=Intel64 Family 6 Model 60 Stepping 3, GenuineIntel



---------------  S Y S T E M  ---------------

OS: Windows 7 , 64 bit Build 7601 (6.1.7601.17514)

CPU:total 4 (initial active 4) (2 cores per cpu, 2 threads per core) family 6 model 60 stepping 3, cmov, cx8, fxsr, mmx, sse, sse2, sse3, ssse3, sse4.1, sse4.2, popcnt, avx, avx2, aes, clmul, erms, lzcnt, ht, tsc, tscinvbit, bmi1, bmi2

Memory: 4k page, physical 8256556k(1490364k free), swap 9893108k(3204k free)

vm_info: OpenJDK 64-Bit Server VM (25.152-b01) for windows-amd64 JRE (1.8.0_152-release-915-b01), built by "builder" with MS VC++ 10.0 (VS2010)

time: Wed Mar 14 18:10:55 2018
elapsed time: 11 seconds (0d 0h 0m 11s)

