#
# There is insufficient memory for the Java Runtime Environment to continue.
# Native memory allocation (malloc) failed to allocate 368656 bytes for Chunk::new
# Possible reasons:
#   The system is out of physical RAM or swap space
#   In 32 bit mode, the process size limit was hit
# Possible solutions:
#   Reduce memory load on the system
#   Increase physical memory or swap space
#   Check if swap backing store is full
#   Use 64 bit Java on a 64 bit OS
#   Decrease Java heap size (-Xmx/-Xms)
#   Decrease number of Java threads
#   Decrease Java thread stack sizes (-Xss)
#   Set larger code cache with -XX:ReservedCodeCacheSize=
# This output file may be truncated or incomplete.
#
#  Out of Memory Error (allocation.cpp:390), pid=3144, tid=0x00000000000017ac
#
# JRE version: OpenJDK Runtime Environment (8.0_152-b01) (build 1.8.0_152-release-915-b01)
# Java VM: OpenJDK 64-Bit Server VM (25.152-b01 mixed mode windows-amd64 compressed oops)
# Failed to write core dump. Minidumps are not enabled by default on client versions of Windows
#

---------------  T H R E A D  ---------------

Current thread (0x000000001d9b5000):  JavaThread "C2 CompilerThread1" daemon [_thread_in_native, id=6060, stack(0x000000001de10000,0x000000001df10000)]

Stack: [0x000000001de10000,0x000000001df10000]
[error occurred during error reporting (printing stack bounds), id 0xc0000005]

Native frames: (J=compiled Java code, j=interpreted, Vv=VM code, C=native code)


Current CompileTask:
C2:   4113 1294 %     4       com.android.dx.ssa.DeadCodeRemover::run @ 109 (194 bytes)


---------------  P R O C E S S  ---------------

Java Threads: ( => current thread )
  0x000000001dc44000 JavaThread "pool-2-thread-4" [_thread_blocked, id=1276, stack(0x000000001e530000,0x000000001e630000)]
  0x000000001dc18800 JavaThread "pool-2-thread-3" [_thread_blocked, id=1888, stack(0x000000001e900000,0x000000001ea00000)]
  0x000000001dae9000 JavaThread "pool-2-thread-2" [_thread_blocked, id=7172, stack(0x000000001e700000,0x000000001e800000)]
  0x000000001dadc800 JavaThread "pool-3-thread-1" [_thread_blocked, id=1732, stack(0x000000001e2f0000,0x000000001e3f0000)]
  0x000000001dadf800 JavaThread "pool-2-thread-1" [_thread_blocked, id=6380, stack(0x000000001e420000,0x000000001e520000)]
  0x000000001d9c0000 JavaThread "Service Thread" daemon [_thread_blocked, id=8168, stack(0x000000001e160000,0x000000001e260000)]
  0x000000001d9b6800 JavaThread "C1 CompilerThread2" daemon [_thread_blocked, id=5612, stack(0x000000001df70000,0x000000001e070000)]
=>0x000000001d9b5000 JavaThread "C2 CompilerThread1" daemon [_thread_in_native, id=6060, stack(0x000000001de10000,0x000000001df10000)]
  0x000000001c367000 JavaThread "C2 CompilerThread0" daemon [_thread_in_native, id=6896, stack(0x000000001d860000,0x000000001d960000)]
  0x000000001c364000 JavaThread "Attach Listener" daemon [_thread_blocked, id=2772, stack(0x000000001d6b0000,0x000000001d7b0000)]
  0x000000001c362800 JavaThread "Signal Dispatcher" daemon [_thread_blocked, id=3132, stack(0x000000001d360000,0x000000001d460000)]
  0x000000001c342800 JavaThread "Finalizer" daemon [_thread_blocked, id=4592, stack(0x000000001d470000,0x000000001d570000)]
  0x000000001c301000 JavaThread "Reference Handler" daemon [_thread_blocked, id=4804, stack(0x000000001d1a0000,0x000000001d2a0000)]
  0x00000000022be800 JavaThread "main" [_thread_in_native, id=5368, stack(0x00000000024e0000,0x00000000025e0000)]

Other Threads:
  0x000000001c2f9800 VMThread [stack: 0x000000001d0a0000,0x000000001d1a0000] [id=7652]
  0x000000001d9b7800 WatcherThread [stack: 0x000000001d5b0000,0x000000001d6b0000] [id=6436]

VM state:not at safepoint (normal execution)

VM Mutex/Monitor currently owned by a thread: None

Heap:
 PSYoungGen      total 70656K, used 21875K [0x000000076ab00000, 0x0000000773500000, 0x00000007c0000000)
  eden space 65536K, 25% used [0x000000076ab00000,0x000000076bb5d828,0x000000076eb00000)
  from space 5120K, 99% used [0x000000076eb00000,0x000000076efff4d8,0x000000076f000000)
  to   space 5120K, 0% used [0x0000000773000000,0x0000000773000000,0x0000000773500000)
 ParOldGen       total 86016K, used 16560K [0x00000006c0000000, 0x00000006c5400000, 0x000000076ab00000)
  object space 86016K, 19% used [0x00000006c0000000,0x00000006c102c2b8,0x00000006c5400000)
 Metaspace       used 5769K, capacity 6896K, committed 7040K, reserved 1056768K
  class space    used 571K, capacity 616K, committed 640K, reserved 1048576K

Card table byte_map: [0x0000000011c70000,0x0000000012480000] byte_map_base: 0x000000000e670000

Marking Bits: (ParMarkBitMap*) 0x000000006d303950
 Begin Bits: [0x0000000013170000, 0x0000000017170000)
 End Bits:   [0x0000000017170000, 0x000000001b170000)

Polling page: 0x0000000000130000

CodeCache: size=245760Kb used=5705Kb max_used=5720Kb free=240054Kb
 bounds [0x00000000028b0000, 0x0000000002e50000, 0x00000000118b0000]
 total_blobs=1584 nmethods=1323 adapters=175
 compilation: enabled

Compilation events (10 events):
Event: 3.823 Thread 0x000000001d9b6800 1423       1       java.util.HashMap$Node::getKey (5 bytes)
Event: 3.823 Thread 0x000000001d9b6800 nmethod 1423 0x0000000002e3e850 code [0x0000000002e3e9a0, 0x0000000002e3eab0]
Event: 3.832 Thread 0x000000001c367000 nmethod 1398 0x0000000002e45d90 code [0x0000000002e45f80, 0x0000000002e46a98]
Event: 3.832 Thread 0x000000001c367000 1420       4       com.android.dx.ssa.SsaRenamer$BlockRenamer::process (191 bytes)
Event: 3.898 Thread 0x000000001c367000 nmethod 1420 0x0000000002e4ac90 code [0x0000000002e4af20, 0x0000000002e4ca50]
Event: 3.898 Thread 0x000000001c367000 1397   !   4       com.android.dx.cf.code.RopperMachine::run (1550 bytes)
Event: 3.989 Thread 0x000000001d9b6800 1425       3       com.android.dx.rop.type.Type::compareTo (9 bytes)
Event: 3.989 Thread 0x000000001d9b6800 nmethod 1425 0x0000000002e2c910 code [0x0000000002e2ca80, 0x0000000002e2ce68]
Event: 3.990 Thread 0x000000001d9b6800 1426       1       java.util.concurrent.locks.AbstractQueuedSynchronizer::getState (5 bytes)
Event: 3.990 Thread 0x000000001d9b6800 nmethod 1426 0x0000000002e2c650 code [0x0000000002e2c7a0, 0x0000000002e2c8b0]

GC Heap History (6 events):
Event: 1.568 GC heap before
{Heap before GC invocations=1 (full 0):
 PSYoungGen      total 37888K, used 32768K [0x000000076ab00000, 0x000000076d500000, 0x00000007c0000000)
  eden space 32768K, 100% used [0x000000076ab00000,0x000000076cb00000,0x000000076cb00000)
  from space 5120K, 0% used [0x000000076d000000,0x000000076d000000,0x000000076d500000)
  to   space 5120K, 0% used [0x000000076cb00000,0x000000076cb00000,0x000000076d000000)
 ParOldGen       total 86016K, used 0K [0x00000006c0000000, 0x00000006c5400000, 0x000000076ab00000)
  object space 86016K, 0% used [0x00000006c0000000,0x00000006c0000000,0x00000006c5400000)
 Metaspace       used 5667K, capacity 6768K, committed 7040K, reserved 1056768K
  class space    used 570K, capacity 616K, committed 640K, reserved 1048576K
Event: 1.607 GC heap after
Heap after GC invocations=1 (full 0):
 PSYoungGen      total 37888K, used 5106K [0x000000076ab00000, 0x000000076f500000, 0x00000007c0000000)
  eden space 32768K, 0% used [0x000000076ab00000,0x000000076ab00000,0x000000076cb00000)
  from space 5120K, 99% used [0x000000076cb00000,0x000000076cffcab8,0x000000076d000000)
  to   space 5120K, 0% used [0x000000076f000000,0x000000076f000000,0x000000076f500000)
 ParOldGen       total 86016K, used 6204K [0x00000006c0000000, 0x00000006c5400000, 0x000000076ab00000)
  object space 86016K, 7% used [0x00000006c0000000,0x00000006c060f2a8,0x00000006c5400000)
 Metaspace       used 5667K, capacity 6768K, committed 7040K, reserved 1056768K
  class space    used 570K, capacity 616K, committed 640K, reserved 1048576K
}
Event: 2.078 GC heap before
{Heap before GC invocations=2 (full 0):
 PSYoungGen      total 37888K, used 37874K [0x000000076ab00000, 0x000000076f500000, 0x00000007c0000000)
  eden space 32768K, 100% used [0x000000076ab00000,0x000000076cb00000,0x000000076cb00000)
  from space 5120K, 99% used [0x000000076cb00000,0x000000076cffcab8,0x000000076d000000)
  to   space 5120K, 0% used [0x000000076f000000,0x000000076f000000,0x000000076f500000)
 ParOldGen       total 86016K, used 6204K [0x00000006c0000000, 0x00000006c5400000, 0x000000076ab00000)
  object space 86016K, 7% used [0x00000006c0000000,0x00000006c060f2a8,0x00000006c5400000)
 Metaspace       used 5707K, capacity 6832K, committed 7040K, reserved 1056768K
  class space    used 571K, capacity 616K, committed 640K, reserved 1048576K
Event: 2.105 GC heap after
Heap after GC invocations=2 (full 0):
 PSYoungGen      total 70656K, used 5092K [0x000000076ab00000, 0x000000076f500000, 0x00000007c0000000)
  eden space 65536K, 0% used [0x000000076ab00000,0x000000076ab00000,0x000000076eb00000)
  from space 5120K, 99% used [0x000000076f000000,0x000000076f4f9370,0x000000076f500000)
  to   space 5120K, 0% used [0x000000076eb00000,0x000000076eb00000,0x000000076f000000)
 ParOldGen       total 86016K, used 11004K [0x00000006c0000000, 0x00000006c5400000, 0x000000076ab00000)
  object space 86016K, 12% used [0x00000006c0000000,0x00000006c0abf230,0x00000006c5400000)
 Metaspace       used 5707K, capacity 6832K, committed 7040K, reserved 1056768K
  class space    used 571K, capacity 616K, committed 640K, reserved 1048576K
}
Event: 2.971 GC heap before
{Heap before GC invocations=3 (full 0):
 PSYoungGen      total 70656K, used 70628K [0x000000076ab00000, 0x000000076f500000, 0x00000007c0000000)
  eden space 65536K, 100% used [0x000000076ab00000,0x000000076eb00000,0x000000076eb00000)
  from space 5120K, 99% used [0x000000076f000000,0x000000076f4f9370,0x000000076f500000)
  to   space 5120K, 0% used [0x000000076eb00000,0x000000076eb00000,0x000000076f000000)
 ParOldGen       total 86016K, used 11004K [0x00000006c0000000, 0x00000006c5400000, 0x000000076ab00000)
  object space 86016K, 12% used [0x00000006c0000000,0x00000006c0abf230,0x00000006c5400000)
 Metaspace       used 5756K, capacity 6832K, committed 7040K, reserved 1056768K
  class space    used 571K, capacity 616K, committed 640K, reserved 1048576K
Event: 3.154 GC heap after
Heap after GC invocations=3 (full 0):
 PSYoungGen      total 70656K, used 5117K [0x000000076ab00000, 0x0000000773500000, 0x00000007c0000000)
  eden space 65536K, 0% used [0x000000076ab00000,0x000000076ab00000,0x000000076eb00000)
  from space 5120K, 99% used [0x000000076eb00000,0x000000076efff4d8,0x000000076f000000)
  to   space 5120K, 0% used [0x0000000773000000,0x0000000773000000,0x0000000773500000)
 ParOldGen       total 86016K, used 16560K [0x00000006c0000000, 0x00000006c5400000, 0x000000076ab00000)
  object space 86016K, 19% used [0x00000006c0000000,0x00000006c102c2b8,0x00000006c5400000)
 Metaspace       used 5756K, capacity 6832K, committed 7040K, reserved 1056768K
  class space    used 571K, capacity 616K, committed 640K, reserved 1048576K
}

Deoptimization events (10 events):
Event: 2.227 Thread 0x000000001dc18800 Uncommon trap: reason=unstable_if action=reinterpret pc=0x0000000002d19f60 method=java.util.BitSet.trimToSize()V @ 9
Event: 2.695 Thread 0x000000001dc18800 Uncommon trap: reason=class_check action=maybe_recompile pc=0x0000000002d9ad80 method=com.android.dx.ssa.SsaMethod.isRegALocal(Lcom/android/dx/rop/code/RegisterSpec;)Z @ 16
Event: 2.695 Thread 0x000000001dc18800 Uncommon trap: reason=class_check action=maybe_recompile pc=0x0000000002d9ad80 method=com.android.dx.ssa.SsaMethod.isRegALocal(Lcom/android/dx/rop/code/RegisterSpec;)Z @ 16
Event: 2.695 Thread 0x000000001dc18800 Uncommon trap: reason=unstable_if action=reinterpret pc=0x0000000002cf4fe0 method=com.android.dx.rop.cst.CstLiteral32.equals(Ljava/lang/Object;)Z @ 26
Event: 2.696 Thread 0x000000001dc18800 Uncommon trap: reason=unstable_if action=reinterpret pc=0x0000000002d33204 method=com.android.dx.rop.cst.CstLiteral32.equals(Ljava/lang/Object;)Z @ 26
Event: 2.696 Thread 0x000000001dc18800 Uncommon trap: reason=class_check action=maybe_recompile pc=0x0000000002d9ad80 method=com.android.dx.ssa.SsaMethod.isRegALocal(Lcom/android/dx/rop/code/RegisterSpec;)Z @ 16
Event: 2.696 Thread 0x000000001dc18800 Uncommon trap: reason=class_check action=maybe_recompile pc=0x0000000002d9ad80 method=com.android.dx.ssa.SsaMethod.isRegALocal(Lcom/android/dx/rop/code/RegisterSpec;)Z @ 16
Event: 2.760 Thread 0x000000001dc18800 Uncommon trap: reason=bimorphic action=maybe_recompile pc=0x0000000002a75498 method=java.util.HashMap.getNode(ILjava/lang/Object;)Ljava/util/HashMap$Node; @ 126
Event: 2.760 Thread 0x000000001dc18800 Uncommon trap: reason=bimorphic action=maybe_recompile pc=0x0000000002a75498 method=java.util.HashMap.getNode(ILjava/lang/Object;)Ljava/util/HashMap$Node; @ 126
Event: 2.760 Thread 0x000000001dc18800 Uncommon trap: reason=bimorphic action=maybe_recompile pc=0x0000000002a75498 method=java.util.HashMap.getNode(ILjava/lang/Object;)Ljava/util/HashMap$Node; @ 126

Classes redefined (0 events):
No events

Internal exceptions (5 events):
Event: 0.284 Thread 0x00000000022be800 Exception <a 'java/lang/NoSuchMethodError': Method sun.misc.Unsafe.defineClass(Ljava/lang/String;[BII)Ljava/lang/Class; name or signature does not match> (0x000000076ab07ca8) thrown at [D:\src\AOSP-openjdk-cygwin\jdk8u\hotspot\src\share\vm\prims\jni.cpp, 
Event: 0.284 Thread 0x00000000022be800 Exception <a 'java/lang/NoSuchMethodError': Method sun.misc.Unsafe.prefetchRead(Ljava/lang/Object;J)V name or signature does not match> (0x000000076ab07f90) thrown at [D:\src\AOSP-openjdk-cygwin\jdk8u\hotspot\src\share\vm\prims\jni.cpp, line 4011]
Event: 1.277 Thread 0x000000001dae9000 Implicit null exception at 0x0000000002b9dacb to 0x0000000002b9e149
Event: 1.277 Thread 0x000000001dae9000 Implicit null exception at 0x0000000002ba05b5 to 0x0000000002ba08b1
Event: 1.277 Thread 0x000000001dae9000 Implicit null exception at 0x0000000002b97ae2 to 0x0000000002b97be2

Events (10 events):
Event: 3.461 Thread 0x000000001dc18800 DEOPT PACKING pc=0x0000000002c6b9ae sp=0x000000001e9fe960
Event: 3.461 Thread 0x000000001dc18800 DEOPT UNPACKING pc=0x00000000028f75bf sp=0x000000001e9fe698 mode 0
Event: 3.519 Thread 0x000000001dc18800 DEOPT PACKING pc=0x0000000002c5be94 sp=0x000000001e9fe7a0
Event: 3.519 Thread 0x000000001dc18800 DEOPT UNPACKING pc=0x00000000028f75bf sp=0x000000001e9fe568 mode 0
Event: 3.819 Thread 0x000000001dadf800 DEOPT PACKING pc=0x0000000002c5beab sp=0x000000001e51ea40
Event: 3.819 Thread 0x000000001dadf800 DEOPT UNPACKING pc=0x00000000028f75bf sp=0x000000001e51e808 mode 0
Event: 3.822 Thread 0x000000001dadf800 DEOPT PACKING pc=0x0000000002c2bced sp=0x000000001e51ec50
Event: 3.822 Thread 0x000000001dadf800 DEOPT UNPACKING pc=0x00000000028f75bf sp=0x000000001e51ea08 mode 0
Event: 3.992 loading class com/android/dx/cf/attrib/AttExceptions
Event: 3.992 loading class com/android/dx/cf/attrib/AttExceptions done


Dynamic libraries:
0x000000013f3a0000 - 0x000000013f3d1000 	C:\Program Files\Android\Android Studio\jre\bin\java.exe
0x0000000077790000 - 0x0000000077939000 	C:\Windows\SYSTEM32\ntdll.dll
0x0000000077570000 - 0x000000007768f000 	C:\Windows\system32\kernel32.dll
0x000007fefd940000 - 0x000007fefd9ab000 	C:\Windows\system32\KERNELBASE.dll
0x000007feff3d0000 - 0x000007feff4ab000 	C:\Windows\system32\ADVAPI32.dll
0x000007feffa00000 - 0x000007feffa9f000 	C:\Windows\system32\msvcrt.dll
0x000007feff180000 - 0x000007feff19f000 	C:\Windows\SYSTEM32\sechost.dll
0x000007feff8d0000 - 0x000007feff9fd000 	C:\Windows\system32\RPCRT4.dll
0x0000000077690000 - 0x000000007778a000 	C:\Windows\system32\USER32.dll
0x000007fefe040000 - 0x000007fefe0a7000 	C:\Windows\system32\GDI32.dll
0x000007fefe0b0000 - 0x000007fefe0be000 	C:\Windows\system32\LPK.dll
0x000007feff0b0000 - 0x000007feff179000 	C:\Windows\system32\USP10.dll
0x000007fefc060000 - 0x000007fefc254000 	C:\Windows\WinSxS\amd64_microsoft.windows.common-controls_6595b64144ccf1df_6.0.7601.17514_none_fa396087175ac9ac\COMCTL32.dll
0x000007fefe0c0000 - 0x000007fefe131000 	C:\Windows\system32\SHLWAPI.dll
0x000007feff770000 - 0x000007feff79e000 	C:\Windows\system32\IMM32.DLL
0x000007feff1a0000 - 0x000007feff2a9000 	C:\Windows\system32\MSCTF.dll
0x000000006d780000 - 0x000000006d852000 	C:\Program Files\Android\Android Studio\jre\jre\bin\msvcr100.dll
0x000000006cb40000 - 0x000000006d37e000 	C:\Program Files\Android\Android Studio\jre\jre\bin\server\jvm.dll
0x000007fefc050000 - 0x000007fefc059000 	C:\Windows\system32\WSOCK32.dll
0x000007feff880000 - 0x000007feff8cd000 	C:\Windows\system32\WS2_32.dll
0x000007feff4b0000 - 0x000007feff4b8000 	C:\Windows\system32\NSI.dll
0x000007fefafe0000 - 0x000007fefb01b000 	C:\Windows\system32\WINMM.dll
0x000007fefc680000 - 0x000007fefc68c000 	C:\Windows\system32\VERSION.dll
0x0000000077960000 - 0x0000000077967000 	C:\Windows\system32\PSAPI.DLL
0x000007fefc040000 - 0x000007fefc04f000 	C:\Program Files\Android\Android Studio\jre\jre\bin\verify.dll
0x000007fef81a0000 - 0x000007fef81c9000 	C:\Program Files\Android\Android Studio\jre\jre\bin\java.dll
0x000007fef8180000 - 0x000007fef8196000 	C:\Program Files\Android\Android Studio\jre\jre\bin\zip.dll
0x000007fefe140000 - 0x000007fefeec8000 	C:\Windows\system32\SHELL32.dll
0x000007feff4c0000 - 0x000007feff6c3000 	C:\Windows\system32\ole32.dll
0x000007fefd6e0000 - 0x000007fefd6ef000 	C:\Windows\system32\profapi.dll

VM Arguments:
jvm_args: -Djava.awt.headless=true -Xmx4g -Dfile.encoding=windows-1252 -Duser.country=US -Duser.language=en -Duser.variant 
java_command: com.android.dx.command.Main --dex --force-jumbo --num-threads=4 --multi-dex --output D:\MyPC\androidworkplace\Vhortext\app\build\intermediates\transforms\dex\debug\folders\1000\5\slice_3 D:\MyPC\androidworkplace\Vhortext\app\build\intermediates\transforms\instantRunSlicer\debug\folders\1\5\slice_3
java_class_path (initial): C:\Users\db\AppData\Local\Android\Sdk\build-tools\25.0.2\lib\dx.jar
Launcher Type: SUN_STANDARD

Environment Variables:
PATH=C:\ProgramData\Oracle\Java\javapath;C:\Program Files (x86)\Common Files\Intel\Shared Files\cpp\bin\Intel64;c:\OraHome_1\bin;c:\OraHome_1\jre\1.4.2\bin\client;c:\OraHome_1\jre\1.4.2\bin;c:\DevSuiteHome_1\jdk\jre\bin\classic;c:\DevSuiteHome_1\jdk\jre\bin;c:\DevSuiteHome_1\jdk\jre\bin\client;c:\DevSuiteHome_1\jlib;c:\DevSuiteHome_1\bin;c:\DevSuiteHome_1\jre\1.4.2\bin\client;c:\DevSuiteHome_1\jre\1.4.2\bin;C:\Windows\system32;C:\Windows;C:\Windows\System32\Wbem;C:\Windows\System32\WindowsPowerShell\v1.0\;C:\Program Files\Java\jdk1.8.0_101\bin;C:\Program Files (x86)\Skype\Phone\;C:\Program Files\nodejs\;C:\Users\db\AppData\Roaming\npm;C:\Users\db\AppData\Local\Programs\Git\cmd
USERNAME=db
OS=Windows_NT
PROCESSOR_IDENTIFIER=Intel64 Family 6 Model 60 Stepping 3, GenuineIntel



---------------  S Y S T E M  ---------------

OS: Windows 7 , 64 bit Build 7601 (6.1.7601.17514)

CPU:total 4 (initial active 4) (2 cores per cpu, 2 threads per core) family 6 model 60 stepping 3, cmov, cx8, fxsr, mmx, sse, sse2, sse3, ssse3, sse4.1, sse4.2, popcnt, avx, avx2, aes, clmul, erms, lzcnt, ht, tsc, tscinvbit, bmi1, bmi2

Memory: 4k page, physical 8256556k(935180k free), swap 9893108k(5512k free)

vm_info: OpenJDK 64-Bit Server VM (25.152-b01) for windows-amd64 JRE (1.8.0_152-release-915-b01), built by "builder" with MS VC++ 10.0 (VS2010)

time: Fri Mar 16 14:24:08 2018
elapsed time: 4 seconds (0d 0h 0m 4s)

