#
# There is insufficient memory for the Java Runtime Environment to continue.
# Native memory allocation (malloc) failed to allocate 826016 bytes for Chunk::new
# Possible reasons:
#   The system is out of physical RAM or swap space
#   In 32 bit mode, the process size limit was hit
# Possible solutions:
#   Reduce memory load on the system
#   Increase physical memory or swap space
#   Check if swap backing store is full
#   Use 64 bit Java on a 64 bit OS
#   Decrease Java heap size (-Xmx/-Xms)
#   Decrease number of Java threads
#   Decrease Java thread stack sizes (-Xss)
#   Set larger code cache with -XX:ReservedCodeCacheSize=
# This output file may be truncated or incomplete.
#
#  Out of Memory Error (allocation.cpp:390), pid=2912, tid=0x00000000000011a8
#
# JRE version: OpenJDK Runtime Environment (8.0_152-b01) (build 1.8.0_152-release-915-b01)
# Java VM: OpenJDK 64-Bit Server VM (25.152-b01 mixed mode windows-amd64 compressed oops)
# Failed to write core dump. Minidumps are not enabled by default on client versions of Windows
#

---------------  T H R E A D  ---------------

Current thread (0x000000001c0c6000):  JavaThread "C2 CompilerThread0" daemon [_thread_in_native, id=4520, stack(0x000000001dce0000,0x000000001dde0000)]

Stack: [0x000000001dce0000,0x000000001dde0000]
[error occurred during error reporting (printing stack bounds), id 0xc0000005]

Native frames: (J=compiled Java code, j=interpreted, Vv=VM code, C=native code)


Current CompileTask:
C2:  13301 1659       4       com.android.dx.ssa.SsaConverter::placePhiFunctions (394 bytes)


---------------  P R O C E S S  ---------------

Java Threads: ( => current thread )
  0x000000001d809800 JavaThread "pool-2-thread-4" [_thread_in_Java, id=6212, stack(0x000000001f080000,0x000000001f180000)]
  0x000000001d6be800 JavaThread "pool-2-thread-3" [_thread_in_Java, id=7684, stack(0x000000001e030000,0x000000001e130000)]
  0x000000001d6bb800 JavaThread "pool-2-thread-2" [_thread_in_Java, id=8060, stack(0x000000001e5f0000,0x000000001e6f0000)]
  0x000000001d587000 JavaThread "pool-3-thread-1" [_thread_blocked, id=3216, stack(0x000000001e4c0000,0x000000001e5c0000)]
  0x000000001d584000 JavaThread "pool-2-thread-1" [_thread_in_Java, id=6556, stack(0x000000001e380000,0x000000001e480000)]
  0x000000001d47d800 JavaThread "Service Thread" daemon [_thread_blocked, id=2832, stack(0x000000001df10000,0x000000001e010000)]
  0x000000001d42e800 JavaThread "C1 CompilerThread2" daemon [_thread_blocked, id=420, stack(0x000000001ddf0000,0x000000001def0000)]
  0x000000001d418800 JavaThread "C2 CompilerThread1" daemon [_thread_in_native, id=3644, stack(0x000000001d870000,0x000000001d970000)]
=>0x000000001c0c6000 JavaThread "C2 CompilerThread0" daemon [_thread_in_native, id=4520, stack(0x000000001dce0000,0x000000001dde0000)]
  0x000000001c0c5000 JavaThread "Attach Listener" daemon [_thread_blocked, id=348, stack(0x000000001db60000,0x000000001dc60000)]
  0x000000001c0c3800 JavaThread "Signal Dispatcher" daemon [_thread_blocked, id=8144, stack(0x000000001d9e0000,0x000000001dae0000)]
  0x000000001c0ab800 JavaThread "Finalizer" daemon [_thread_blocked, id=6500, stack(0x000000001d080000,0x000000001d180000)]
  0x000000001c064800 JavaThread "Reference Handler" daemon [_thread_blocked, id=7956, stack(0x000000001d310000,0x000000001d410000)]
  0x0000000001d4e800 JavaThread "main" [_thread_blocked, id=6600, stack(0x0000000002200000,0x0000000002300000)]

Other Threads:
  0x000000001c05d000 VMThread [stack: 0x000000001d180000,0x000000001d280000] [id=1852]
  0x000000001d47e800 WatcherThread [stack: 0x000000001e130000,0x000000001e230000] [id=6784]

VM state:not at safepoint (normal execution)

VM Mutex/Monitor currently owned by a thread: None

Heap:
 PSYoungGen      total 136192K, used 68448K [0x000000076ab00000, 0x0000000773500000, 0x00000007c0000000)
  eden space 131072K, 52% used [0x000000076ab00000,0x000000076edd8198,0x0000000772b00000)
  from space 5120K, 0% used [0x0000000772b00000,0x0000000772b00000,0x0000000773000000)
  to   space 5120K, 0% used [0x0000000773000000,0x0000000773000000,0x0000000773500000)
 ParOldGen       total 129536K, used 77319K [0x00000006c0000000, 0x00000006c7e80000, 0x000000076ab00000)
  object space 129536K, 59% used [0x00000006c0000000,0x00000006c4b81ed8,0x00000006c7e80000)
 Metaspace       used 6001K, capacity 6960K, committed 7040K, reserved 1056768K
  class space    used 574K, capacity 616K, committed 640K, reserved 1048576K

Card table byte_map: [0x0000000011a90000,0x00000000122a0000] byte_map_base: 0x000000000e490000

Marking Bits: (ParMarkBitMap*) 0x000000006d833950
 Begin Bits: [0x0000000012ed0000, 0x0000000016ed0000)
 End Bits:   [0x0000000016ed0000, 0x000000001aed0000)

Polling page: 0x0000000000130000

CodeCache: size=245760Kb used=7663Kb max_used=7663Kb free=238096Kb
 bounds [0x00000000026d0000, 0x0000000002e60000, 0x00000000116d0000]
 total_blobs=1849 nmethods=1588 adapters=175
 compilation: enabled

Compilation events (10 events):
Event: 13.107 Thread 0x000000001d42e800 nmethod 1728 0x0000000002e25f10 code [0x0000000002e26060, 0x0000000002e26170]
Event: 13.107 Thread 0x000000001d42e800 1729       2       com.android.dx.ssa.back.SsaToRop::verifyValidExitPredecessor (53 bytes)
Event: 13.107 Thread 0x000000001d42e800 nmethod 1729 0x0000000002e4b0d0 code [0x0000000002e4b280, 0x0000000002e4b618]
Event: 13.110 Thread 0x000000001d42e800 1730       2       com.android.dx.ssa.SsaBasicBlock::insertNewPredecessor (134 bytes)
Event: 13.111 Thread 0x000000001d42e800 nmethod 1730 0x0000000002e4a310 code [0x0000000002e4a520, 0x0000000002e4aab8]
Event: 13.111 Thread 0x000000001d42e800 1731       2       com.android.dx.rop.type.Type::equals (31 bytes)
Event: 13.111 Thread 0x000000001d42e800 nmethod 1731 0x0000000002e3a6d0 code [0x0000000002e3a840, 0x0000000002e3aa68]
Event: 13.113 Thread 0x000000001d42e800 1732       2       com.android.dx.rop.code.Rops::opNewArray (124 bytes)
Event: 13.113 Thread 0x000000001d42e800 nmethod 1732 0x0000000002e49710 code [0x0000000002e49900, 0x0000000002e49f28]
Event: 13.297 Thread 0x000000001d42e800 1735       3       com.android.dx.ssa.ConstCollector::updateConstUses (248 bytes)

GC Heap History (10 events):
Event: 5.465 GC heap before
{Heap before GC invocations=3 (full 0):
 PSYoungGen      total 70656K, used 70639K [0x000000076ab00000, 0x000000076f500000, 0x00000007c0000000)
  eden space 65536K, 100% used [0x000000076ab00000,0x000000076eb00000,0x000000076eb00000)
  from space 5120K, 99% used [0x000000076f000000,0x000000076f4fbda8,0x000000076f500000)
  to   space 5120K, 0% used [0x000000076eb00000,0x000000076eb00000,0x000000076f000000)
 ParOldGen       total 86016K, used 19331K [0x00000006c0000000, 0x00000006c5400000, 0x000000076ab00000)
  object space 86016K, 22% used [0x00000006c0000000,0x00000006c12e0de0,0x00000006c5400000)
 Metaspace       used 5923K, capacity 6960K, committed 7040K, reserved 1056768K
  class space    used 574K, capacity 616K, committed 640K, reserved 1048576K
Event: 6.486 GC heap after
Heap after GC invocations=3 (full 0):
 PSYoungGen      total 70656K, used 5107K [0x000000076ab00000, 0x0000000773500000, 0x00000007c0000000)
  eden space 65536K, 0% used [0x000000076ab00000,0x000000076ab00000,0x000000076eb00000)
  from space 5120K, 99% used [0x000000076eb00000,0x000000076effcca0,0x000000076f000000)
  to   space 5120K, 0% used [0x0000000773000000,0x0000000773000000,0x0000000773500000)
 ParOldGen       total 86016K, used 47105K [0x00000006c0000000, 0x00000006c5400000, 0x000000076ab00000)
  object space 86016K, 54% used [0x00000006c0000000,0x00000006c2e005b0,0x00000006c5400000)
 Metaspace       used 5923K, capacity 6960K, committed 7040K, reserved 1056768K
  class space    used 574K, capacity 616K, committed 640K, reserved 1048576K
}
Event: 6.987 GC heap before
{Heap before GC invocations=4 (full 0):
 PSYoungGen      total 70656K, used 70643K [0x000000076ab00000, 0x0000000773500000, 0x00000007c0000000)
  eden space 65536K, 100% used [0x000000076ab00000,0x000000076eb00000,0x000000076eb00000)
  from space 5120K, 99% used [0x000000076eb00000,0x000000076effcca0,0x000000076f000000)
  to   space 5120K, 0% used [0x0000000773000000,0x0000000773000000,0x0000000773500000)
 ParOldGen       total 86016K, used 47105K [0x00000006c0000000, 0x00000006c5400000, 0x000000076ab00000)
  object space 86016K, 54% used [0x00000006c0000000,0x00000006c2e005b0,0x00000006c5400000)
 Metaspace       used 5974K, capacity 6960K, committed 7040K, reserved 1056768K
  class space    used 574K, capacity 616K, committed 640K, reserved 1048576K
Event: 7.134 GC heap after
Heap after GC invocations=4 (full 0):
 PSYoungGen      total 136192K, used 5097K [0x000000076ab00000, 0x0000000773500000, 0x00000007c0000000)
  eden space 131072K, 0% used [0x000000076ab00000,0x000000076ab00000,0x0000000772b00000)
  from space 5120K, 99% used [0x0000000773000000,0x00000007734fa6f8,0x0000000773500000)
  to   space 5120K, 0% used [0x0000000772b00000,0x0000000772b00000,0x0000000773000000)
 ParOldGen       total 86016K, used 59339K [0x00000006c0000000, 0x00000006c5400000, 0x000000076ab00000)
  object space 86016K, 68% used [0x00000006c0000000,0x00000006c39f2dd0,0x00000006c5400000)
 Metaspace       used 5974K, capacity 6960K, committed 7040K, reserved 1056768K
  class space    used 574K, capacity 616K, committed 640K, reserved 1048576K
}
Event: 7.134 GC heap before
{Heap before GC invocations=5 (full 1):
 PSYoungGen      total 136192K, used 5097K [0x000000076ab00000, 0x0000000773500000, 0x00000007c0000000)
  eden space 131072K, 0% used [0x000000076ab00000,0x000000076ab00000,0x0000000772b00000)
  from space 5120K, 99% used [0x0000000773000000,0x00000007734fa6f8,0x0000000773500000)
  to   space 5120K, 0% used [0x0000000772b00000,0x0000000772b00000,0x0000000773000000)
 ParOldGen       total 86016K, used 59339K [0x00000006c0000000, 0x00000006c5400000, 0x000000076ab00000)
  object space 86016K, 68% used [0x00000006c0000000,0x00000006c39f2dd0,0x00000006c5400000)
 Metaspace       used 5974K, capacity 6960K, committed 7040K, reserved 1056768K
  class space    used 574K, capacity 616K, committed 640K, reserved 1048576K
Event: 9.158 GC heap after
Heap after GC invocations=5 (full 1):
 PSYoungGen      total 136192K, used 0K [0x000000076ab00000, 0x0000000773500000, 0x00000007c0000000)
  eden space 131072K, 0% used [0x000000076ab00000,0x000000076ab00000,0x0000000772b00000)
  from space 5120K, 0% used [0x0000000773000000,0x0000000773000000,0x0000000773500000)
  to   space 5120K, 0% used [0x0000000772b00000,0x0000000772b00000,0x0000000773000000)
 ParOldGen       total 129536K, used 48459K [0x00000006c0000000, 0x00000006c7e80000, 0x000000076ab00000)
  object space 129536K, 37% used [0x00000006c0000000,0x00000006c2f52e30,0x00000006c7e80000)
 Metaspace       used 5974K, capacity 6960K, committed 7040K, reserved 1056768K
  class space    used 574K, capacity 616K, committed 640K, reserved 1048576K
}
Event: 10.093 GC heap before
{Heap before GC invocations=6 (full 1):
 PSYoungGen      total 136192K, used 131072K [0x000000076ab00000, 0x0000000773500000, 0x00000007c0000000)
  eden space 131072K, 100% used [0x000000076ab00000,0x0000000772b00000,0x0000000772b00000)
  from space 5120K, 0% used [0x0000000773000000,0x0000000773000000,0x0000000773500000)
  to   space 5120K, 0% used [0x0000000772b00000,0x0000000772b00000,0x0000000773000000)
 ParOldGen       total 129536K, used 48459K [0x00000006c0000000, 0x00000006c7e80000, 0x000000076ab00000)
  object space 129536K, 37% used [0x00000006c0000000,0x00000006c2f52e30,0x00000006c7e80000)
 Metaspace       used 5999K, capacity 6960K, committed 7040K, reserved 1056768K
  class space    used 574K, capacity 616K, committed 640K, reserved 1048576K
Event: 10.744 GC heap after
Heap after GC invocations=6 (full 1):
 PSYoungGen      total 136192K, used 5117K [0x000000076ab00000, 0x0000000773500000, 0x00000007c0000000)
  eden space 131072K, 0% used [0x000000076ab00000,0x000000076ab00000,0x0000000772b00000)
  from space 5120K, 99% used [0x0000000772b00000,0x0000000772fff490,0x0000000773000000)
  to   space 5120K, 0% used [0x0000000773000000,0x0000000773000000,0x0000000773500000)
 ParOldGen       total 129536K, used 98898K [0x00000006c0000000, 0x00000006c7e80000, 0x000000076ab00000)
  object space 129536K, 76% used [0x00000006c0000000,0x00000006c6094958,0x00000006c7e80000)
 Metaspace       used 5999K, capacity 6960K, committed 7040K, reserved 1056768K
  class space    used 574K, capacity 616K, committed 640K, reserved 1048576K
}
Event: 10.744 GC heap before
{Heap before GC invocations=7 (full 2):
 PSYoungGen      total 136192K, used 5117K [0x000000076ab00000, 0x0000000773500000, 0x00000007c0000000)
  eden space 131072K, 0% used [0x000000076ab00000,0x000000076ab00000,0x0000000772b00000)
  from space 5120K, 99% used [0x0000000772b00000,0x0000000772fff490,0x0000000773000000)
  to   space 5120K, 0% used [0x0000000773000000,0x0000000773000000,0x0000000773500000)
 ParOldGen       total 129536K, used 98898K [0x00000006c0000000, 0x00000006c7e80000, 0x000000076ab00000)
  object space 129536K, 76% used [0x00000006c0000000,0x00000006c6094958,0x00000006c7e80000)
 Metaspace       used 5999K, capacity 6960K, committed 7040K, reserved 1056768K
  class space    used 574K, capacity 616K, committed 640K, reserved 1048576K
Event: 12.942 GC heap after
Heap after GC invocations=7 (full 2):
 PSYoungGen      total 136192K, used 0K [0x000000076ab00000, 0x0000000773500000, 0x00000007c0000000)
  eden space 131072K, 0% used [0x000000076ab00000,0x000000076ab00000,0x0000000772b00000)
  from space 5120K, 0% used [0x0000000772b00000,0x0000000772b00000,0x0000000773000000)
  to   space 5120K, 0% used [0x0000000773000000,0x0000000773000000,0x0000000773500000)
 ParOldGen       total 129536K, used 77319K [0x00000006c0000000, 0x00000006c7e80000, 0x000000076ab00000)
  object space 129536K, 59% used [0x00000006c0000000,0x00000006c4b81ed8,0x00000006c7e80000)
 Metaspace       used 5999K, capacity 6960K, committed 7040K, reserved 1056768K
  class space    used 574K, capacity 616K, committed 640K, reserved 1048576K
}

Deoptimization events (10 events):
Event: 6.954 Thread 0x0000000001d4e800 Uncommon trap: reason=bimorphic action=maybe_recompile pc=0x0000000002cdb1f4 method=com.android.dx.ssa.LiteralOpUpgrader.tryReplacingWithConstant(Lcom/android/dx/ssa/NormalSsaInsn;)Z @ 52
Event: 9.518 Thread 0x000000001d809800 Uncommon trap: reason=unstable_if action=reinterpret pc=0x0000000002d9d33c method=com.android.dx.rop.code.InsnList.contentEquals(Lcom/android/dx/rop/code/InsnList;)Z @ 25
Event: 9.649 Thread 0x0000000001d4e800 Uncommon trap: reason=unstable_if action=reinterpret pc=0x00000000028425bc method=java.lang.String.<init>([CII)V @ 18
Event: 12.982 Thread 0x000000001d6bb800 Uncommon trap: reason=bimorphic action=maybe_recompile pc=0x0000000002db94b4 method=com.android.dx.cf.code.BytecodeArray.parseInstruction(ILcom/android/dx/cf/code/BytecodeArray$Visitor;)I @ 923
Event: 12.982 Thread 0x000000001d6bb800 Uncommon trap: reason=bimorphic action=maybe_recompile pc=0x0000000002db9434 method=com.android.dx.cf.code.BytecodeArray.parseInstruction(ILcom/android/dx/cf/code/BytecodeArray$Visitor;)I @ 907
Event: 12.982 Thread 0x000000001d6bb800 Uncommon trap: reason=bimorphic action=maybe_recompile pc=0x0000000002db9a94 method=com.android.dx.cf.code.BytecodeArray.parseInstruction(ILcom/android/dx/cf/code/BytecodeArray$Visitor;)I @ 1224
Event: 12.983 Thread 0x000000001d6bb800 Uncommon trap: reason=bimorphic action=maybe_recompile pc=0x0000000002db94b4 method=com.android.dx.cf.code.BytecodeArray.parseInstruction(ILcom/android/dx/cf/code/BytecodeArray$Visitor;)I @ 923
Event: 12.988 Thread 0x000000001d6bb800 Uncommon trap: reason=unstable_if action=reinterpret pc=0x0000000002d6b914 method=com.android.dx.ssa.DeadCodeRemover.isCircularNoSideEffect(ILjava/util/BitSet;)Z @ 9
Event: 12.988 Thread 0x000000001d6bb800 Uncommon trap: reason=unstable_if action=reinterpret pc=0x0000000002b0b144 method=com.android.dx.ssa.NormalSsaInsn.getLocalAssignment()Lcom/android/dx/rop/code/RegisterSpec; @ 12
Event: 13.110 Thread 0x000000001d6be800 Uncommon trap: reason=null_check action=make_not_entrant pc=0x0000000002d9db6c method=com.android.dx.rop.type.Type.equals(Ljava/lang/Object;)Z @ 8

Classes redefined (0 events):
No events

Internal exceptions (4 events):
Event: 0.198 Thread 0x0000000001d4e800 Exception <a 'java/lang/NoSuchMethodError': Method sun.misc.Unsafe.defineClass(Ljava/lang/String;[BII)Ljava/lang/Class; name or signature does not match> (0x000000076ab07ca8) thrown at [D:\src\AOSP-openjdk-cygwin\jdk8u\hotspot\src\share\vm\prims\jni.cpp, 
Event: 0.198 Thread 0x0000000001d4e800 Exception <a 'java/lang/NoSuchMethodError': Method sun.misc.Unsafe.prefetchRead(Ljava/lang/Object;J)V name or signature does not match> (0x000000076ab07f90) thrown at [D:\src\AOSP-openjdk-cygwin\jdk8u\hotspot\src\share\vm\prims\jni.cpp, line 4011]
Event: 6.802 Thread 0x0000000001d4e800 Implicit null exception at 0x0000000002b7a0fc to 0x0000000002b7bbe5
Event: 13.110 Thread 0x000000001d6be800 Implicit null exception at 0x0000000002d9da5a to 0x0000000002d9db5f

Events (10 events):
Event: 13.035 Thread 0x000000001d6be800 DEOPT UNPACKING pc=0x00000000027175bf sp=0x000000001e12eb38 mode 0
Event: 13.110 Thread 0x000000001d6be800 Uncommon trap: trap_request=0xfffffff4 fr.pc=0x0000000002d9db6c
Event: 13.110 Thread 0x000000001d6be800 DEOPT PACKING pc=0x0000000002d9db6c sp=0x000000001e12ebe0
Event: 13.110 Thread 0x000000001d6be800 DEOPT UNPACKING pc=0x000000000271556a sp=0x000000001e12eb68 mode 2
Event: 13.190 Thread 0x000000001d6be800 DEOPT PACKING pc=0x0000000002b4b933 sp=0x000000001e12e910
Event: 13.190 Thread 0x000000001d6be800 DEOPT UNPACKING pc=0x00000000027175bf sp=0x000000001e12e720 mode 0
Event: 13.228 Thread 0x000000001d6be800 DEOPT PACKING pc=0x0000000002ce123a sp=0x000000001e12ed70
Event: 13.228 Thread 0x000000001d6be800 DEOPT UNPACKING pc=0x00000000027175bf sp=0x000000001e12ebb8 mode 0
Event: 13.297 Thread 0x000000001d6be800 DEOPT PACKING pc=0x0000000002cfb4e5 sp=0x000000001e12ecf0
Event: 13.297 Thread 0x000000001d6be800 DEOPT UNPACKING pc=0x00000000027175bf sp=0x000000001e12eab8 mode 0


Dynamic libraries:
0x000000013f400000 - 0x000000013f431000 	C:\Program Files\Android\Android Studio\jre\bin\java.exe
0x0000000077840000 - 0x00000000779e9000 	C:\Windows\SYSTEM32\ntdll.dll
0x0000000077620000 - 0x000000007773f000 	C:\Windows\system32\kernel32.dll
0x000007fefdaf0000 - 0x000007fefdb5b000 	C:\Windows\system32\KERNELBASE.dll
0x000007feff720000 - 0x000007feff7fb000 	C:\Windows\system32\ADVAPI32.dll
0x000007feff680000 - 0x000007feff71f000 	C:\Windows\system32\msvcrt.dll
0x000007fefe350000 - 0x000007fefe36f000 	C:\Windows\SYSTEM32\sechost.dll
0x000007fefe190000 - 0x000007fefe2bd000 	C:\Windows\system32\RPCRT4.dll
0x0000000077740000 - 0x000000007783a000 	C:\Windows\system32\USER32.dll
0x000007fefdf00000 - 0x000007fefdf67000 	C:\Windows\system32\GDI32.dll
0x000007fefe2c0000 - 0x000007fefe2ce000 	C:\Windows\system32\LPK.dll
0x000007fefdf70000 - 0x000007fefe039000 	C:\Windows\system32\USP10.dll
0x000007fefc110000 - 0x000007fefc304000 	C:\Windows\WinSxS\amd64_microsoft.windows.common-controls_6595b64144ccf1df_6.0.7601.17514_none_fa396087175ac9ac\COMCTL32.dll
0x000007fefe2d0000 - 0x000007fefe341000 	C:\Windows\system32\SHLWAPI.dll
0x000007fefdd40000 - 0x000007fefdd6e000 	C:\Windows\system32\IMM32.DLL
0x000007fefe660000 - 0x000007fefe769000 	C:\Windows\system32\MSCTF.dll
0x0000000070270000 - 0x0000000070342000 	C:\Program Files\Android\Android Studio\jre\jre\bin\msvcr100.dll
0x000000006d070000 - 0x000000006d8ae000 	C:\Program Files\Android\Android Studio\jre\jre\bin\server\jvm.dll
0x000007fefb110000 - 0x000007fefb119000 	C:\Windows\system32\WSOCK32.dll
0x000007feffa60000 - 0x000007feffaad000 	C:\Windows\system32\WS2_32.dll
0x000007fefdd70000 - 0x000007fefdd78000 	C:\Windows\system32\NSI.dll
0x000007fef9950000 - 0x000007fef998b000 	C:\Windows\system32\WINMM.dll
0x000007fefc730000 - 0x000007fefc73c000 	C:\Windows\system32\VERSION.dll
0x0000000077a00000 - 0x0000000077a07000 	C:\Windows\system32\PSAPI.DLL
0x000007fefb3d0000 - 0x000007fefb3df000 	C:\Program Files\Android\Android Studio\jre\jre\bin\verify.dll
0x000007fefb080000 - 0x000007fefb0a9000 	C:\Program Files\Android\Android Studio\jre\jre\bin\java.dll
0x000007fefa9c0000 - 0x000007fefa9d6000 	C:\Program Files\Android\Android Studio\jre\jre\bin\zip.dll
0x000007fefe770000 - 0x000007feff4f8000 	C:\Windows\system32\SHELL32.dll
0x000007fefe450000 - 0x000007fefe653000 	C:\Windows\system32\ole32.dll
0x000007fefd790000 - 0x000007fefd79f000 	C:\Windows\system32\profapi.dll

VM Arguments:
jvm_args: -Djava.awt.headless=true -Xmx4g -Dfile.encoding=windows-1252 -Duser.country=US -Duser.language=en -Duser.variant 
java_command: com.android.dx.command.Main --dex --force-jumbo --num-threads=4 --multi-dex --output D:\MyPC\androidworkplace\Vhortext\app\build\intermediates\transforms\dex\debug\folders\1000\5\slice_9 D:\MyPC\androidworkplace\Vhortext\app\build\intermediates\transforms\instantRunSlicer\debug\folders\1\5\slice_9
java_class_path (initial): C:\Users\db\AppData\Local\Android\Sdk\build-tools\25.0.2\lib\dx.jar
Launcher Type: SUN_STANDARD

Environment Variables:
PATH=C:\ProgramData\Oracle\Java\javapath;C:\Program Files (x86)\Common Files\Intel\Shared Files\cpp\bin\Intel64;c:\OraHome_1\bin;c:\OraHome_1\jre\1.4.2\bin\client;c:\OraHome_1\jre\1.4.2\bin;c:\DevSuiteHome_1\jdk\jre\bin\classic;c:\DevSuiteHome_1\jdk\jre\bin;c:\DevSuiteHome_1\jdk\jre\bin\client;c:\DevSuiteHome_1\jlib;c:\DevSuiteHome_1\bin;c:\DevSuiteHome_1\jre\1.4.2\bin\client;c:\DevSuiteHome_1\jre\1.4.2\bin;C:\Windows\system32;C:\Windows;C:\Windows\System32\Wbem;C:\Windows\System32\WindowsPowerShell\v1.0\;C:\Program Files\Java\jdk1.8.0_101\bin;C:\Program Files (x86)\Skype\Phone\;C:\Program Files\nodejs\;C:\Users\db\AppData\Roaming\npm;C:\Users\db\AppData\Local\Programs\Git\cmd
USERNAME=db
OS=Windows_NT
PROCESSOR_IDENTIFIER=Intel64 Family 6 Model 60 Stepping 3, GenuineIntel



---------------  S Y S T E M  ---------------

OS: Windows 7 , 64 bit Build 7601 (6.1.7601.17514)

CPU:total 4 (initial active 4) (2 cores per cpu, 2 threads per core) family 6 model 60 stepping 3, cmov, cx8, fxsr, mmx, sse, sse2, sse3, ssse3, sse4.1, sse4.2, popcnt, avx, avx2, aes, clmul, erms, lzcnt, ht, tsc, tscinvbit, bmi1, bmi2

Memory: 4k page, physical 8256556k(1222964k free), swap 9893108k(2260k free)

vm_info: OpenJDK 64-Bit Server VM (25.152-b01) for windows-amd64 JRE (1.8.0_152-release-915-b01), built by "builder" with MS VC++ 10.0 (VS2010)

time: Wed Mar 14 18:10:42 2018
elapsed time: 13 seconds (0d 0h 0m 13s)

