#
# There is insufficient memory for the Java Runtime Environment to continue.
# Native memory allocation (malloc) failed to allocate 1034096 bytes for Chunk::new
# Possible reasons:
#   The system is out of physical RAM or swap space
#   In 32 bit mode, the process size limit was hit
# Possible solutions:
#   Reduce memory load on the system
#   Increase physical memory or swap space
#   Check if swap backing store is full
#   Use 64 bit Java on a 64 bit OS
#   Decrease Java heap size (-Xmx/-Xms)
#   Decrease number of Java threads
#   Decrease Java thread stack sizes (-Xss)
#   Set larger code cache with -XX:ReservedCodeCacheSize=
# This output file may be truncated or incomplete.
#
#  Out of Memory Error (allocation.cpp:390), pid=4424, tid=0x0000000000001bc0
#
# JRE version: OpenJDK Runtime Environment (8.0_152-b01) (build 1.8.0_152-release-915-b01)
# Java VM: OpenJDK 64-Bit Server VM (25.152-b01 mixed mode windows-amd64 compressed oops)
# Failed to write core dump. Minidumps are not enabled by default on client versions of Windows
#

---------------  T H R E A D  ---------------

Current thread (0x000000001bfab800):  JavaThread "C2 CompilerThread1" daemon [_thread_in_native, id=7104, stack(0x000000001d900000,0x000000001da00000)]

Stack: [0x000000001d900000,0x000000001da00000]
[error occurred during error reporting (printing stack bounds), id 0xc0000005]

Native frames: (J=compiled Java code, j=interpreted, Vv=VM code, C=native code)


Current CompileTask:
C2:   4534 1691       4       com.android.dx.ssa.LocalVariableExtractor::processBlock (383 bytes)


---------------  P R O C E S S  ---------------

Java Threads: ( => current thread )
  0x000000001de47800 JavaThread "pool-2-thread-4" [_thread_blocked, id=8096, stack(0x000000001e810000,0x000000001e910000)]
  0x000000001de42000 JavaThread "pool-2-thread-3" [_thread_blocked, id=6644, stack(0x000000001e650000,0x000000001e750000)]
  0x000000001de19000 JavaThread "pool-2-thread-2" [_thread_blocked, id=7616, stack(0x000000001e3f0000,0x000000001e4f0000)]
  0x000000001de15800 JavaThread "pool-3-thread-1" [_thread_blocked, id=7920, stack(0x000000001e2d0000,0x000000001e3d0000)]
  0x000000001de15000 JavaThread "pool-2-thread-1" [_thread_blocked, id=3832, stack(0x000000001e150000,0x000000001e250000)]
  0x000000001db21800 JavaThread "Service Thread" daemon [_thread_blocked, id=712, stack(0x000000001cfb0000,0x000000001d0b0000)]
  0x000000001bfad800 JavaThread "C1 CompilerThread2" daemon [_thread_blocked, id=5216, stack(0x000000001da00000,0x000000001db00000)]
=>0x000000001bfab800 JavaThread "C2 CompilerThread1" daemon [_thread_in_native, id=7104, stack(0x000000001d900000,0x000000001da00000)]
  0x000000001bfa7800 JavaThread "C2 CompilerThread0" daemon [_thread_in_native, id=4164, stack(0x000000001d800000,0x000000001d900000)]
  0x000000001bfa4000 JavaThread "Attach Listener" daemon [_thread_blocked, id=1044, stack(0x000000001d1c0000,0x000000001d2c0000)]
  0x000000001bfa2800 JavaThread "Signal Dispatcher" daemon [_thread_blocked, id=1952, stack(0x000000001d680000,0x000000001d780000)]
  0x000000001bf82800 JavaThread "Finalizer" daemon [_thread_blocked, id=7280, stack(0x000000001d520000,0x000000001d620000)]
  0x000000001bf41000 JavaThread "Reference Handler" daemon [_thread_blocked, id=7360, stack(0x000000001d350000,0x000000001d450000)]
  0x00000000022ee800 JavaThread "main" [_thread_blocked, id=5356, stack(0x00000000022f0000,0x00000000023f0000)]

Other Threads:
  0x000000001bf39800 VMThread [stack: 0x000000001d0c0000,0x000000001d1c0000] [id=6780]
  0x000000001db22000 WatcherThread [stack: 0x000000001df90000,0x000000001e090000] [id=7044]

VM state:not at safepoint (normal execution)

VM Mutex/Monitor currently owned by a thread: None

Heap:
 PSYoungGen      total 70656K, used 60936K [0x000000076ab00000, 0x0000000773500000, 0x00000007c0000000)
  eden space 65536K, 85% used [0x000000076ab00000,0x000000076e186aa8,0x000000076eb00000)
  from space 5120K, 99% used [0x000000076f000000,0x000000076f4fb790,0x000000076f500000)
  to   space 5120K, 0% used [0x000000076eb00000,0x000000076eb00000,0x000000076f000000)
 ParOldGen       total 86016K, used 23946K [0x00000006c0000000, 0x00000006c5400000, 0x000000076ab00000)
  object space 86016K, 27% used [0x00000006c0000000,0x00000006c17628e0,0x00000006c5400000)
 Metaspace       used 6431K, capacity 7128K, committed 7424K, reserved 1056768K
  class space    used 610K, capacity 656K, committed 768K, reserved 1048576K

Card table byte_map: [0x0000000011bd0000,0x00000000123e0000] byte_map_base: 0x000000000e5d0000

Marking Bits: (ParMarkBitMap*) 0x000000006d833950
 Begin Bits: [0x0000000012db0000, 0x0000000016db0000)
 End Bits:   [0x0000000016db0000, 0x000000001adb0000)

Polling page: 0x0000000000230000

CodeCache: size=245760Kb used=7125Kb max_used=7131Kb free=238634Kb
 bounds [0x0000000002810000, 0x0000000002f10000, 0x0000000011810000]
 total_blobs=2046 nmethods=1774 adapters=185
 compilation: enabled

Compilation events (10 events):
Event: 4.489 Thread 0x000000001bfad800 1822       2       java.util.HashMap::compareComparables (27 bytes)
Event: 4.489 Thread 0x000000001bfad800 nmethod 1822 0x0000000002ef19d0 code [0x0000000002ef1b40, 0x0000000002ef1d28]
Event: 4.489 Thread 0x000000001bfad800 1823       1       sun.reflect.generics.reflectiveObjects.ParameterizedTypeImpl::getRawType (5 bytes)
Event: 4.489 Thread 0x000000001bfad800 nmethod 1823 0x0000000002ef1710 code [0x0000000002ef1860, 0x0000000002ef1970]
Event: 4.489 Thread 0x000000001bfad800 1824       2       com.android.dx.rop.code.RegisterSpec::compareTo (9 bytes)
Event: 4.490 Thread 0x000000001bfad800 nmethod 1824 0x0000000002ef1350 code [0x0000000002ef14c0, 0x0000000002ef1668]
Event: 4.490 Thread 0x000000001bfad800 1825       2       java.util.HashMap$TreeNode::balanceInsertion (245 bytes)
Event: 4.490 Thread 0x000000001bfad800 nmethod 1825 0x0000000002ef05d0 code [0x0000000002ef07c0, 0x0000000002ef0db8]
Event: 4.503 Thread 0x000000001bfad800 1827   !   2       com.android.dx.dex.cf.CfTranslator::processMethods (583 bytes)
Event: 4.506 Thread 0x000000001bfad800 nmethod 1827 0x0000000002ee8a50 code [0x0000000002ee8f00, 0x0000000002eea628]

GC Heap History (8 events):
Event: 2.048 GC heap before
{Heap before GC invocations=1 (full 0):
 PSYoungGen      total 37888K, used 32768K [0x000000076ab00000, 0x000000076d500000, 0x00000007c0000000)
  eden space 32768K, 100% used [0x000000076ab00000,0x000000076cb00000,0x000000076cb00000)
  from space 5120K, 0% used [0x000000076d000000,0x000000076d000000,0x000000076d500000)
  to   space 5120K, 0% used [0x000000076cb00000,0x000000076cb00000,0x000000076d000000)
 ParOldGen       total 86016K, used 0K [0x00000006c0000000, 0x00000006c5400000, 0x000000076ab00000)
  object space 86016K, 0% used [0x00000006c0000000,0x00000006c0000000,0x00000006c5400000)
 Metaspace       used 6106K, capacity 6960K, committed 7040K, reserved 1056768K
  class space    used 589K, capacity 616K, committed 640K, reserved 1048576K
Event: 2.236 GC heap after
Heap after GC invocations=1 (full 0):
 PSYoungGen      total 37888K, used 5095K [0x000000076ab00000, 0x000000076f500000, 0x00000007c0000000)
  eden space 32768K, 0% used [0x000000076ab00000,0x000000076ab00000,0x000000076cb00000)
  from space 5120K, 99% used [0x000000076cb00000,0x000000076cff9f50,0x000000076d000000)
  to   space 5120K, 0% used [0x000000076f000000,0x000000076f000000,0x000000076f500000)
 ParOldGen       total 86016K, used 1213K [0x00000006c0000000, 0x00000006c5400000, 0x000000076ab00000)
  object space 86016K, 1% used [0x00000006c0000000,0x00000006c012f600,0x00000006c5400000)
 Metaspace       used 6106K, capacity 6960K, committed 7040K, reserved 1056768K
  class space    used 589K, capacity 616K, committed 640K, reserved 1048576K
}
Event: 2.519 GC heap before
{Heap before GC invocations=2 (full 0):
 PSYoungGen      total 37888K, used 37863K [0x000000076ab00000, 0x000000076f500000, 0x00000007c0000000)
  eden space 32768K, 100% used [0x000000076ab00000,0x000000076cb00000,0x000000076cb00000)
  from space 5120K, 99% used [0x000000076cb00000,0x000000076cff9f50,0x000000076d000000)
  to   space 5120K, 0% used [0x000000076f000000,0x000000076f000000,0x000000076f500000)
 ParOldGen       total 86016K, used 1213K [0x00000006c0000000, 0x00000006c5400000, 0x000000076ab00000)
  object space 86016K, 1% used [0x00000006c0000000,0x00000006c012f600,0x00000006c5400000)
 Metaspace       used 6211K, capacity 7024K, committed 7296K, reserved 1056768K
  class space    used 590K, capacity 616K, committed 640K, reserved 1048576K
Event: 2.696 GC heap after
Heap after GC invocations=2 (full 0):
 PSYoungGen      total 70656K, used 5093K [0x000000076ab00000, 0x000000076f500000, 0x00000007c0000000)
  eden space 65536K, 0% used [0x000000076ab00000,0x000000076ab00000,0x000000076eb00000)
  from space 5120K, 99% used [0x000000076f000000,0x000000076f4f9780,0x000000076f500000)
  to   space 5120K, 0% used [0x000000076eb00000,0x000000076eb00000,0x000000076f000000)
 ParOldGen       total 86016K, used 5297K [0x00000006c0000000, 0x00000006c5400000, 0x000000076ab00000)
  object space 86016K, 6% used [0x00000006c0000000,0x00000006c052c560,0x00000006c5400000)
 Metaspace       used 6211K, capacity 7024K, committed 7296K, reserved 1056768K
  class space    used 590K, capacity 616K, committed 640K, reserved 1048576K
}
Event: 3.031 GC heap before
{Heap before GC invocations=3 (full 0):
 PSYoungGen      total 70656K, used 70629K [0x000000076ab00000, 0x000000076f500000, 0x00000007c0000000)
  eden space 65536K, 100% used [0x000000076ab00000,0x000000076eb00000,0x000000076eb00000)
  from space 5120K, 99% used [0x000000076f000000,0x000000076f4f9780,0x000000076f500000)
  to   space 5120K, 0% used [0x000000076eb00000,0x000000076eb00000,0x000000076f000000)
 ParOldGen       total 86016K, used 5297K [0x00000006c0000000, 0x00000006c5400000, 0x000000076ab00000)
  object space 86016K, 6% used [0x00000006c0000000,0x00000006c052c560,0x00000006c5400000)
 Metaspace       used 6365K, capacity 7128K, committed 7424K, reserved 1056768K
  class space    used 610K, capacity 656K, committed 768K, reserved 1048576K
Event: 3.295 GC heap after
Heap after GC invocations=3 (full 0):
 PSYoungGen      total 70656K, used 5113K [0x000000076ab00000, 0x000000076f500000, 0x00000007c0000000)
  eden space 65536K, 0% used [0x000000076ab00000,0x000000076ab00000,0x000000076eb00000)
  from space 5120K, 99% used [0x000000076eb00000,0x000000076effe648,0x000000076f000000)
  to   space 5120K, 0% used [0x000000076f000000,0x000000076f000000,0x000000076f500000)
 ParOldGen       total 86016K, used 15096K [0x00000006c0000000, 0x00000006c5400000, 0x000000076ab00000)
  object space 86016K, 17% used [0x00000006c0000000,0x00000006c0ebe098,0x00000006c5400000)
 Metaspace       used 6365K, capacity 7128K, committed 7424K, reserved 1056768K
  class space    used 610K, capacity 656K, committed 768K, reserved 1048576K
}
Event: 3.856 GC heap before
{Heap before GC invocations=4 (full 0):
 PSYoungGen      total 70656K, used 70649K [0x000000076ab00000, 0x000000076f500000, 0x00000007c0000000)
  eden space 65536K, 100% used [0x000000076ab00000,0x000000076eb00000,0x000000076eb00000)
  from space 5120K, 99% used [0x000000076eb00000,0x000000076effe648,0x000000076f000000)
  to   space 5120K, 0% used [0x000000076f000000,0x000000076f000000,0x000000076f500000)
 ParOldGen       total 86016K, used 15096K [0x00000006c0000000, 0x00000006c5400000, 0x000000076ab00000)
  object space 86016K, 17% used [0x00000006c0000000,0x00000006c0ebe098,0x00000006c5400000)
 Metaspace       used 6414K, capacity 7128K, committed 7424K, reserved 1056768K
  class space    used 610K, capacity 656K, committed 768K, reserved 1048576K
Event: 4.117 GC heap after
Heap after GC invocations=4 (full 0):
 PSYoungGen      total 70656K, used 5101K [0x000000076ab00000, 0x0000000773500000, 0x00000007c0000000)
  eden space 65536K, 0% used [0x000000076ab00000,0x000000076ab00000,0x000000076eb00000)
  from space 5120K, 99% used [0x000000076f000000,0x000000076f4fb790,0x000000076f500000)
  to   space 5120K, 0% used [0x000000076eb00000,0x000000076eb00000,0x000000076f000000)
 ParOldGen       total 86016K, used 23946K [0x00000006c0000000, 0x00000006c5400000, 0x000000076ab00000)
  object space 86016K, 27% used [0x00000006c0000000,0x00000006c17628e0,0x00000006c5400000)
 Metaspace       used 6414K, capacity 7128K, committed 7424K, reserved 1056768K
  class space    used 610K, capacity 656K, committed 768K, reserved 1048576K
}

Deoptimization events (10 events):
Event: 2.399 Thread 0x000000001de19000 Uncommon trap: reason=unstable_if action=reinterpret pc=0x0000000002d7b250 method=com.android.dx.rop.code.RegisterSpecSet.put(Lcom/android/dx/rop/code/RegisterSpec;)V @ 77
Event: 2.405 Thread 0x000000001de15000 Uncommon trap: reason=null_check action=make_not_entrant pc=0x0000000002cf7c7c method=com.android.dx.ssa.SsaRenamer.getLocalForNewReg(I)Lcom/android/dx/rop/code/LocalItem; @ 19
Event: 2.427 Thread 0x000000001de47800 Uncommon trap: reason=bimorphic action=maybe_recompile pc=0x0000000002b9c9fc method=java.util.HashMap.getNode(ILjava/lang/Object;)Ljava/util/HashMap$Node; @ 126
Event: 2.448 Thread 0x000000001de47800 Uncommon trap: reason=bimorphic action=maybe_recompile pc=0x0000000002b9c9fc method=java.util.HashMap.getNode(ILjava/lang/Object;)Ljava/util/HashMap$Node; @ 126
Event: 2.455 Thread 0x000000001de47800 Uncommon trap: reason=bimorphic action=maybe_recompile pc=0x0000000002b9c9fc method=java.util.HashMap.getNode(ILjava/lang/Object;)Ljava/util/HashMap$Node; @ 126
Event: 2.455 Thread 0x000000001de47800 Uncommon trap: reason=bimorphic action=maybe_recompile pc=0x0000000002b9c9fc method=java.util.HashMap.getNode(ILjava/lang/Object;)Ljava/util/HashMap$Node; @ 126
Event: 2.455 Thread 0x000000001de47800 Uncommon trap: reason=bimorphic action=maybe_recompile pc=0x0000000002af4134 method=java.util.HashMap.getNode(ILjava/lang/Object;)Ljava/util/HashMap$Node; @ 126
Event: 2.476 Thread 0x000000001de15000 Uncommon trap: reason=unstable_if action=reinterpret pc=0x0000000002b2d3e4 method=com.android.dx.rop.code.RegisterSpec.equals(ILcom/android/dx/rop/type/TypeBearer;Lcom/android/dx/rop/code/LocalItem;)Z @ 42
Event: 2.778 Thread 0x000000001de19000 Uncommon trap: reason=unstable_if action=reinterpret pc=0x0000000002ddca5c method=java.util.HashMap.putVal(ILjava/lang/Object;Ljava/lang/Object;ZZ)Ljava/lang/Object; @ 94
Event: 2.875 Thread 0x000000001de47800 Uncommon trap: reason=unstable_if action=reinterpret pc=0x0000000002bccda8 method=java.util.HashMap.putVal(ILjava/lang/Object;Ljava/lang/Object;ZZ)Ljava/lang/Object; @ 162

Classes redefined (0 events):
No events

Internal exceptions (7 events):
Event: 0.152 Thread 0x00000000022ee800 Exception <a 'java/lang/NoSuchMethodError': Method sun.misc.Unsafe.defineClass(Ljava/lang/String;[BII)Ljava/lang/Class; name or signature does not match> (0x000000076ab07ca8) thrown at [D:\src\AOSP-openjdk-cygwin\jdk8u\hotspot\src\share\vm\prims\jni.cpp, 
Event: 0.152 Thread 0x00000000022ee800 Exception <a 'java/lang/NoSuchMethodError': Method sun.misc.Unsafe.prefetchRead(Ljava/lang/Object;J)V name or signature does not match> (0x000000076ab07f90) thrown at [D:\src\AOSP-openjdk-cygwin\jdk8u\hotspot\src\share\vm\prims\jni.cpp, line 4011]
Event: 1.999 Thread 0x00000000022ee800 Implicit null exception at 0x0000000002c164a2 to 0x0000000002c165a2
Event: 2.405 Thread 0x000000001de15000 Implicit null exception at 0x0000000002cf4bda to 0x0000000002cf7c39
Event: 2.877 Thread 0x000000001de47800 Exception <a 'java/lang/ArrayIndexOutOfBoundsException': 18> (0x000000076c9bdf10) thrown at [D:\src\AOSP-openjdk-cygwin\jdk8u\hotspot\src\share\vm\interpreter\interpreterRuntime.cpp, line 366]
Event: 2.877 Thread 0x000000001de47800 Exception <a 'java/lang/ArrayIndexOutOfBoundsException': 145> (0x000000076c9bfae0) thrown at [D:\src\AOSP-openjdk-cygwin\jdk8u\hotspot\src\share\vm\interpreter\interpreterRuntime.cpp, line 366]
Event: 2.878 Thread 0x000000001de47800 Exception <a 'java/lang/ArrayIndexOutOfBoundsException'> (0x000000076c9c0dc8) thrown at [D:\src\AOSP-openjdk-cygwin\jdk8u\hotspot\src\share\vm\runtime\sharedRuntime.cpp, line 605]

Events (10 events):
Event: 3.681 Thread 0x000000001de47800 DEOPT PACKING pc=0x0000000002cebe7c sp=0x000000001e90ec00
Event: 3.681 Thread 0x000000001de47800 DEOPT UNPACKING pc=0x00000000028575bf sp=0x000000001e90e928 mode 0
Event: 3.697 Executing VM operation: ParallelGCFailedAllocation
Event: 4.117 Executing VM operation: ParallelGCFailedAllocation done
Event: 4.168 Thread 0x000000001de15000 DEOPT PACKING pc=0x0000000002d9c018 sp=0x000000001e24e490
Event: 4.168 Thread 0x000000001de15000 DEOPT UNPACKING pc=0x00000000028575bf sp=0x000000001e24e198 mode 0
Event: 4.195 Thread 0x00000000022ee800 DEOPT PACKING pc=0x0000000002d0c0f7 sp=0x00000000023ee390
Event: 4.195 Thread 0x00000000022ee800 DEOPT UNPACKING pc=0x00000000028575bf sp=0x00000000023ee108 mode 0
Event: 4.325 Executing VM operation: EnableBiasedLocking
Event: 4.410 Executing VM operation: EnableBiasedLocking done


Dynamic libraries:
0x000000013f400000 - 0x000000013f431000 	C:\Program Files\Android\Android Studio\jre\bin\java.exe
0x0000000077840000 - 0x00000000779e9000 	C:\Windows\SYSTEM32\ntdll.dll
0x0000000077620000 - 0x000000007773f000 	C:\Windows\system32\kernel32.dll
0x000007fefdaf0000 - 0x000007fefdb5b000 	C:\Windows\system32\KERNELBASE.dll
0x000007feff720000 - 0x000007feff7fb000 	C:\Windows\system32\ADVAPI32.dll
0x000007feff680000 - 0x000007feff71f000 	C:\Windows\system32\msvcrt.dll
0x000007fefe350000 - 0x000007fefe36f000 	C:\Windows\SYSTEM32\sechost.dll
0x000007fefe190000 - 0x000007fefe2bd000 	C:\Windows\system32\RPCRT4.dll
0x0000000077740000 - 0x000000007783a000 	C:\Windows\system32\USER32.dll
0x000007fefdf00000 - 0x000007fefdf67000 	C:\Windows\system32\GDI32.dll
0x000007fefe2c0000 - 0x000007fefe2ce000 	C:\Windows\system32\LPK.dll
0x000007fefdf70000 - 0x000007fefe039000 	C:\Windows\system32\USP10.dll
0x000007fefc110000 - 0x000007fefc304000 	C:\Windows\WinSxS\amd64_microsoft.windows.common-controls_6595b64144ccf1df_6.0.7601.17514_none_fa396087175ac9ac\COMCTL32.dll
0x000007fefe2d0000 - 0x000007fefe341000 	C:\Windows\system32\SHLWAPI.dll
0x000007fefdd40000 - 0x000007fefdd6e000 	C:\Windows\system32\IMM32.DLL
0x000007fefe660000 - 0x000007fefe769000 	C:\Windows\system32\MSCTF.dll
0x0000000070270000 - 0x0000000070342000 	C:\Program Files\Android\Android Studio\jre\jre\bin\msvcr100.dll
0x000000006d070000 - 0x000000006d8ae000 	C:\Program Files\Android\Android Studio\jre\jre\bin\server\jvm.dll
0x000007fefb110000 - 0x000007fefb119000 	C:\Windows\system32\WSOCK32.dll
0x000007feffa60000 - 0x000007feffaad000 	C:\Windows\system32\WS2_32.dll
0x000007fefdd70000 - 0x000007fefdd78000 	C:\Windows\system32\NSI.dll
0x000007fef9950000 - 0x000007fef998b000 	C:\Windows\system32\WINMM.dll
0x000007fefc730000 - 0x000007fefc73c000 	C:\Windows\system32\VERSION.dll
0x0000000077a00000 - 0x0000000077a07000 	C:\Windows\system32\PSAPI.DLL
0x000007fefb3d0000 - 0x000007fefb3df000 	C:\Program Files\Android\Android Studio\jre\jre\bin\verify.dll
0x000007fefb080000 - 0x000007fefb0a9000 	C:\Program Files\Android\Android Studio\jre\jre\bin\java.dll
0x000007fefa9c0000 - 0x000007fefa9d6000 	C:\Program Files\Android\Android Studio\jre\jre\bin\zip.dll
0x000007fefe770000 - 0x000007feff4f8000 	C:\Windows\system32\SHELL32.dll
0x000007fefe450000 - 0x000007fefe653000 	C:\Windows\system32\ole32.dll
0x000007fefd790000 - 0x000007fefd79f000 	C:\Windows\system32\profapi.dll

VM Arguments:
jvm_args: -Djava.awt.headless=true -Xmx4g -Dfile.encoding=windows-1252 -Duser.country=US -Duser.language=en -Duser.variant 
java_command: com.android.dx.command.Main --dex --force-jumbo --num-threads=4 --multi-dex --output D:\MyPC\androidworkplace\Vhortext\app\build\intermediates\transforms\dex\debug\folders\1000\2\commons-lang3-3.4_7d4c027f2dc8d955335665072472739fcc215090 D:\MyPC\androidworkplace\Vhortext\app\libs\commons-lang3-3.4.jar
java_class_path (initial): C:\Users\db\AppData\Local\Android\Sdk\build-tools\25.0.2\lib\dx.jar
Launcher Type: SUN_STANDARD

Environment Variables:
PATH=C:\ProgramData\Oracle\Java\javapath;C:\Program Files (x86)\Common Files\Intel\Shared Files\cpp\bin\Intel64;c:\OraHome_1\bin;c:\OraHome_1\jre\1.4.2\bin\client;c:\OraHome_1\jre\1.4.2\bin;c:\DevSuiteHome_1\jdk\jre\bin\classic;c:\DevSuiteHome_1\jdk\jre\bin;c:\DevSuiteHome_1\jdk\jre\bin\client;c:\DevSuiteHome_1\jlib;c:\DevSuiteHome_1\bin;c:\DevSuiteHome_1\jre\1.4.2\bin\client;c:\DevSuiteHome_1\jre\1.4.2\bin;C:\Windows\system32;C:\Windows;C:\Windows\System32\Wbem;C:\Windows\System32\WindowsPowerShell\v1.0\;C:\Program Files\Java\jdk1.8.0_101\bin;C:\Program Files (x86)\Skype\Phone\;C:\Program Files\nodejs\;C:\Users\db\AppData\Roaming\npm;C:\Users\db\AppData\Local\Programs\Git\cmd
USERNAME=db
OS=Windows_NT
PROCESSOR_IDENTIFIER=Intel64 Family 6 Model 60 Stepping 3, GenuineIntel



---------------  S Y S T E M  ---------------

OS: Windows 7 , 64 bit Build 7601 (6.1.7601.17514)

CPU:total 4 (initial active 4) (2 cores per cpu, 2 threads per core) family 6 model 60 stepping 3, cmov, cx8, fxsr, mmx, sse, sse2, sse3, ssse3, sse4.1, sse4.2, popcnt, avx, avx2, aes, clmul, erms, lzcnt, ht, tsc, tscinvbit, bmi1, bmi2

Memory: 4k page, physical 8256556k(1332304k free), swap 9893108k(3832k free)

vm_info: OpenJDK 64-Bit Server VM (25.152-b01) for windows-amd64 JRE (1.8.0_152-release-915-b01), built by "builder" with MS VC++ 10.0 (VS2010)

time: Wed Mar 14 18:11:14 2018
elapsed time: 4 seconds (0d 0h 0m 4s)

